=== Run information ===

Scheme:       weka.classifiers.trees.J48 -C 0.25 -M 2
Relation:     train
Instances:    400
Attributes:   1025
              [list of attributes omitted]
Test mode:    5-fold cross-validation

=== Classifier model (full training set) ===

J48 pruned tree
------------------

pixel_164 <= 0
|   pixel_266 <= 2: 8 (10.0)
|   pixel_266 > 2: 9 (7.0)
pixel_164 > 0
|   pixel_129 <= 0
|   |   pixel_311 <= 3
|   |   |   pixel_30 <= 4: 9 (4.0/1.0)
|   |   |   pixel_30 > 4: 8 (3.0/1.0)
|   |   pixel_311 > 3: 5 (13.0/1.0)
|   pixel_129 > 0
|   |   pixel_962 <= 0
|   |   |   pixel_595 <= 3: 9 (4.0/1.0)
|   |   |   pixel_595 > 3
|   |   |   |   pixel_995 <= 3: 5 (8.0)
|   |   |   |   pixel_995 > 3: 8 (2.0/1.0)
|   |   pixel_962 > 0
|   |   |   pixel_965 <= 0
|   |   |   |   pixel_808 <= 2: 9 (8.0/1.0)
|   |   |   |   pixel_808 > 2: 7 (3.0/1.0)
|   |   |   pixel_965 > 0
|   |   |   |   pixel_199 <= 0
|   |   |   |   |   pixel_73 <= 2
|   |   |   |   |   |   pixel_35 <= 5: 4 (4.0)
|   |   |   |   |   |   pixel_35 > 5: 6 (2.0)
|   |   |   |   |   pixel_73 > 2
|   |   |   |   |   |   pixel_167 <= 2: 3 (8.0/1.0)
|   |   |   |   |   |   pixel_167 > 2: 2 (11.0/1.0)
|   |   |   |   pixel_199 > 0
|   |   |   |   |   pixel_329 <= 0
|   |   |   |   |   |   pixel_108 <= 2: 5 (3.0/2.0)
|   |   |   |   |   |   pixel_108 > 2: 7 (7.0)
|   |   |   |   |   pixel_329 > 0
|   |   |   |   |   |   pixel_442 <= 254
|   |   |   |   |   |   |   pixel_884 <= 254
|   |   |   |   |   |   |   |   pixel_318 <= 254
|   |   |   |   |   |   |   |   |   pixel_755 <= 0
|   |   |   |   |   |   |   |   |   |   pixel_794 <= 3
|   |   |   |   |   |   |   |   |   |   |   pixel_2 <= 2: 6 (3.0/1.0)
|   |   |   |   |   |   |   |   |   |   |   pixel_2 > 2: 7 (2.0)
|   |   |   |   |   |   |   |   |   |   pixel_794 > 3: 2 (5.0)
|   |   |   |   |   |   |   |   |   pixel_755 > 0
|   |   |   |   |   |   |   |   |   |   pixel_93 <= 1
|   |   |   |   |   |   |   |   |   |   |   pixel_39 <= 3
|   |   |   |   |   |   |   |   |   |   |   |   pixel_947 <= 2: 3 (2.0/1.0)
|   |   |   |   |   |   |   |   |   |   |   |   pixel_947 > 2: 9 (6.0)
|   |   |   |   |   |   |   |   |   |   |   pixel_39 > 3: 1 (3.0/1.0)
|   |   |   |   |   |   |   |   |   |   pixel_93 > 1
|   |   |   |   |   |   |   |   |   |   |   pixel_32 <= 1
|   |   |   |   |   |   |   |   |   |   |   |   pixel_167 <= 3
|   |   |   |   |   |   |   |   |   |   |   |   |   pixel_8 <= 3: 2 (2.0/1.0)
|   |   |   |   |   |   |   |   |   |   |   |   |   pixel_8 > 3: 1 (2.0)
|   |   |   |   |   |   |   |   |   |   |   |   pixel_167 > 3
|   |   |   |   |   |   |   |   |   |   |   |   |   pixel_28 <= 2: 5 (6.0/1.0)
|   |   |   |   |   |   |   |   |   |   |   |   |   pixel_28 > 2: 8 (3.0)
|   |   |   |   |   |   |   |   |   |   |   pixel_32 > 1
|   |   |   |   |   |   |   |   |   |   |   |   pixel_123 <= 253
|   |   |   |   |   |   |   |   |   |   |   |   |   pixel_556 <= 254
|   |   |   |   |   |   |   |   |   |   |   |   |   |   pixel_398 <= 254
|   |   |   |   |   |   |   |   |   |   |   |   |   |   |   pixel_1000 <= 1
|   |   |   |   |   |   |   |   |   |   |   |   |   |   |   |   pixel_940 <= 4: 7 (4.0/1.0)
|   |   |   |   |   |   |   |   |   |   |   |   |   |   |   |   pixel_940 > 4: 3 (5.0)
|   |   |   |   |   |   |   |   |   |   |   |   |   |   |   pixel_1000 > 1
|   |   |   |   |   |   |   |   |   |   |   |   |   |   |   |   pixel_291 <= 57
|   |   |   |   |   |   |   |   |   |   |   |   |   |   |   |   |   pixel_260 <= 68
|   |   |   |   |   |   |   |   |   |   |   |   |   |   |   |   |   |   pixel_231 <= 22
|   |   |   |   |   |   |   |   |   |   |   |   |   |   |   |   |   |   |   pixel_200 <= 37
|   |   |   |   |   |   |   |   |   |   |   |   |   |   |   |   |   |   |   |   pixel_345 <= 71
|   |   |   |   |   |   |   |   |   |   |   |   |   |   |   |   |   |   |   |   |   pixel_682 <= 1
|   |   |   |   |   |   |   |   |   |   |   |   |   |   |   |   |   |   |   |   |   |   pixel_682 <= 0: 5 (3.0/2.0)
|   |   |   |   |   |   |   |   |   |   |   |   |   |   |   |   |   |   |   |   |   |   pixel_682 > 0
|   |   |   |   |   |   |   |   |   |   |   |   |   |   |   |   |   |   |   |   |   |   |   pixel_65 <= 2: 4 (3.0)
|   |   |   |   |   |   |   |   |   |   |   |   |   |   |   |   |   |   |   |   |   |   |   pixel_65 > 2: 8 (4.0)
|   |   |   |   |   |   |   |   |   |   |   |   |   |   |   |   |   |   |   |   |   pixel_682 > 1
|   |   |   |   |   |   |   |   |   |   |   |   |   |   |   |   |   |   |   |   |   |   pixel_263 <= 0: 4 (3.0)
|   |   |   |   |   |   |   |   |   |   |   |   |   |   |   |   |   |   |   |   |   |   pixel_263 > 0
|   |   |   |   |   |   |   |   |   |   |   |   |   |   |   |   |   |   |   |   |   |   |   pixel_792 <= 2
|   |   |   |   |   |   |   |   |   |   |   |   |   |   |   |   |   |   |   |   |   |   |   |   pixel_14 <= 2: 3 (4.0)
|   |   |   |   |   |   |   |   |   |   |   |   |   |   |   |   |   |   |   |   |   |   |   |   pixel_14 > 2: 1 (2.0/1.0)
|   |   |   |   |   |   |   |   |   |   |   |   |   |   |   |   |   |   |   |   |   |   |   pixel_792 > 2
|   |   |   |   |   |   |   |   |   |   |   |   |   |   |   |   |   |   |   |   |   |   |   |   pixel_748 <= 125
|   |   |   |   |   |   |   |   |   |   |   |   |   |   |   |   |   |   |   |   |   |   |   |   |   pixel_615 <= 1: 2 (2.0)
|   |   |   |   |   |   |   |   |   |   |   |   |   |   |   |   |   |   |   |   |   |   |   |   |   pixel_615 > 1
|   |   |   |   |   |   |   |   |   |   |   |   |   |   |   |   |   |   |   |   |   |   |   |   |   |   pixel_633 <= 1: 1 (5.0)
|   |   |   |   |   |   |   |   |   |   |   |   |   |   |   |   |   |   |   |   |   |   |   |   |   |   pixel_633 > 1
|   |   |   |   |   |   |   |   |   |   |   |   |   |   |   |   |   |   |   |   |   |   |   |   |   |   |   pixel_993 <= 212
|   |   |   |   |   |   |   |   |   |   |   |   |   |   |   |   |   |   |   |   |   |   |   |   |   |   |   |   pixel_808 <= 0: 6 (4.0)
|   |   |   |   |   |   |   |   |   |   |   |   |   |   |   |   |   |   |   |   |   |   |   |   |   |   |   |   pixel_808 > 0
|   |   |   |   |   |   |   |   |   |   |   |   |   |   |   |   |   |   |   |   |   |   |   |   |   |   |   |   |   pixel_296 <= 17
|   |   |   |   |   |   |   |   |   |   |   |   |   |   |   |   |   |   |   |   |   |   |   |   |   |   |   |   |   |   pixel_774 <= 3: 10 (8.0/1.0)
|   |   |   |   |   |   |   |   |   |   |   |   |   |   |   |   |   |   |   |   |   |   |   |   |   |   |   |   |   |   pixel_774 > 3
|   |   |   |   |   |   |   |   |   |   |   |   |   |   |   |   |   |   |   |   |   |   |   |   |   |   |   |   |   |   |   pixel_231 <= 1: 10 (2.0)
|   |   |   |   |   |   |   |   |   |   |   |   |   |   |   |   |   |   |   |   |   |   |   |   |   |   |   |   |   |   |   pixel_231 > 1: 7 (11.0)
|   |   |   |   |   |   |   |   |   |   |   |   |   |   |   |   |   |   |   |   |   |   |   |   |   |   |   |   |   pixel_296 > 17: 6 (2.0)
|   |   |   |   |   |   |   |   |   |   |   |   |   |   |   |   |   |   |   |   |   |   |   |   |   |   |   pixel_993 > 212: 1 (2.0)
|   |   |   |   |   |   |   |   |   |   |   |   |   |   |   |   |   |   |   |   |   |   |   |   pixel_748 > 125: 2 (4.0/1.0)
|   |   |   |   |   |   |   |   |   |   |   |   |   |   |   |   |   |   |   |   pixel_345 > 71: 8 (6.0)
|   |   |   |   |   |   |   |   |   |   |   |   |   |   |   |   |   |   |   pixel_200 > 37: 10 (14.0)
|   |   |   |   |   |   |   |   |   |   |   |   |   |   |   |   |   |   pixel_231 > 22: 6 (11.0)
|   |   |   |   |   |   |   |   |   |   |   |   |   |   |   |   |   pixel_260 > 68: 2 (9.0)
|   |   |   |   |   |   |   |   |   |   |   |   |   |   |   |   pixel_291 > 57
|   |   |   |   |   |   |   |   |   |   |   |   |   |   |   |   |   pixel_164 <= 17
|   |   |   |   |   |   |   |   |   |   |   |   |   |   |   |   |   |   pixel_100 <= 15: 9 (8.0)
|   |   |   |   |   |   |   |   |   |   |   |   |   |   |   |   |   |   pixel_100 > 15: 8 (3.0)
|   |   |   |   |   |   |   |   |   |   |   |   |   |   |   |   |   pixel_164 > 17
|   |   |   |   |   |   |   |   |   |   |   |   |   |   |   |   |   |   pixel_134 <= 41
|   |   |   |   |   |   |   |   |   |   |   |   |   |   |   |   |   |   |   pixel_232 <= 68: 4 (14.0)
|   |   |   |   |   |   |   |   |   |   |   |   |   |   |   |   |   |   |   pixel_232 > 68: 3 (2.0)
|   |   |   |   |   |   |   |   |   |   |   |   |   |   |   |   |   |   pixel_134 > 41
|   |   |   |   |   |   |   |   |   |   |   |   |   |   |   |   |   |   |   pixel_409 <= 253
|   |   |   |   |   |   |   |   |   |   |   |   |   |   |   |   |   |   |   |   pixel_822 <= 254
|   |   |   |   |   |   |   |   |   |   |   |   |   |   |   |   |   |   |   |   |   pixel_184 <= 254
|   |   |   |   |   |   |   |   |   |   |   |   |   |   |   |   |   |   |   |   |   |   pixel_233 <= 40
|   |   |   |   |   |   |   |   |   |   |   |   |   |   |   |   |   |   |   |   |   |   |   pixel_1023 <= 10: 1 (2.0/1.0)
|   |   |   |   |   |   |   |   |   |   |   |   |   |   |   |   |   |   |   |   |   |   |   pixel_1023 > 10: 7 (6.0)
|   |   |   |   |   |   |   |   |   |   |   |   |   |   |   |   |   |   |   |   |   |   pixel_233 > 40
|   |   |   |   |   |   |   |   |   |   |   |   |   |   |   |   |   |   |   |   |   |   |   pixel_276 <= 254
|   |   |   |   |   |   |   |   |   |   |   |   |   |   |   |   |   |   |   |   |   |   |   |   pixel_200 <= 40
|   |   |   |   |   |   |   |   |   |   |   |   |   |   |   |   |   |   |   |   |   |   |   |   |   pixel_356 <= 71: 6 (2.0)
|   |   |   |   |   |   |   |   |   |   |   |   |   |   |   |   |   |   |   |   |   |   |   |   |   pixel_356 > 71: 1 (12.0)
|   |   |   |   |   |   |   |   |   |   |   |   |   |   |   |   |   |   |   |   |   |   |   |   pixel_200 > 40
|   |   |   |   |   |   |   |   |   |   |   |   |   |   |   |   |   |   |   |   |   |   |   |   |   pixel_59 <= 253
|   |   |   |   |   |   |   |   |   |   |   |   |   |   |   |   |   |   |   |   |   |   |   |   |   |   pixel_812 <= 253: 3 (16.0)
|   |   |   |   |   |   |   |   |   |   |   |   |   |   |   |   |   |   |   |   |   |   |   |   |   |   pixel_812 > 253: 6 (3.0)
|   |   |   |   |   |   |   |   |   |   |   |   |   |   |   |   |   |   |   |   |   |   |   |   |   pixel_59 > 253: 1 (4.0)
|   |   |   |   |   |   |   |   |   |   |   |   |   |   |   |   |   |   |   |   |   |   |   pixel_276 > 254: 7 (4.0/1.0)
|   |   |   |   |   |   |   |   |   |   |   |   |   |   |   |   |   |   |   |   |   pixel_184 > 254
|   |   |   |   |   |   |   |   |   |   |   |   |   |   |   |   |   |   |   |   |   |   pixel_2 <= 252: 6 (2.0)
|   |   |   |   |   |   |   |   |   |   |   |   |   |   |   |   |   |   |   |   |   |   pixel_2 > 252: 4 (2.0)
|   |   |   |   |   |   |   |   |   |   |   |   |   |   |   |   |   |   |   |   pixel_822 > 254
|   |   |   |   |   |   |   |   |   |   |   |   |   |   |   |   |   |   |   |   |   pixel_2 <= 253: 2 (2.0/1.0)
|   |   |   |   |   |   |   |   |   |   |   |   |   |   |   |   |   |   |   |   |   pixel_2 > 253: 10 (2.0)
|   |   |   |   |   |   |   |   |   |   |   |   |   |   |   |   |   |   |   pixel_409 > 253
|   |   |   |   |   |   |   |   |   |   |   |   |   |   |   |   |   |   |   |   pixel_97 <= 253
|   |   |   |   |   |   |   |   |   |   |   |   |   |   |   |   |   |   |   |   |   pixel_1 <= 254: 7 (2.0)
|   |   |   |   |   |   |   |   |   |   |   |   |   |   |   |   |   |   |   |   |   pixel_1 > 254: 4 (2.0)
|   |   |   |   |   |   |   |   |   |   |   |   |   |   |   |   |   |   |   |   pixel_97 > 253
|   |   |   |   |   |   |   |   |   |   |   |   |   |   |   |   |   |   |   |   |   pixel_2 <= 252: 8 (3.0)
|   |   |   |   |   |   |   |   |   |   |   |   |   |   |   |   |   |   |   |   |   pixel_2 > 252: 2 (2.0/1.0)
|   |   |   |   |   |   |   |   |   |   |   |   |   |   pixel_398 > 254
|   |   |   |   |   |   |   |   |   |   |   |   |   |   |   pixel_9 <= 251: 3 (5.0)
|   |   |   |   |   |   |   |   |   |   |   |   |   |   |   pixel_9 > 251: 5 (3.0/1.0)
|   |   |   |   |   |   |   |   |   |   |   |   |   pixel_556 > 254
|   |   |   |   |   |   |   |   |   |   |   |   |   |   pixel_281 <= 252: 10 (6.0)
|   |   |   |   |   |   |   |   |   |   |   |   |   |   pixel_281 > 252
|   |   |   |   |   |   |   |   |   |   |   |   |   |   |   pixel_23 <= 251: 2 (2.0/1.0)
|   |   |   |   |   |   |   |   |   |   |   |   |   |   |   pixel_23 > 251: 8 (4.0)
|   |   |   |   |   |   |   |   |   |   |   |   pixel_123 > 253
|   |   |   |   |   |   |   |   |   |   |   |   |   pixel_1014 <= 253
|   |   |   |   |   |   |   |   |   |   |   |   |   |   pixel_831 <= 252: 10 (2.0)
|   |   |   |   |   |   |   |   |   |   |   |   |   |   pixel_831 > 252
|   |   |   |   |   |   |   |   |   |   |   |   |   |   |   pixel_229 <= 253: 1 (2.0/1.0)
|   |   |   |   |   |   |   |   |   |   |   |   |   |   |   pixel_229 > 253
|   |   |   |   |   |   |   |   |   |   |   |   |   |   |   |   pixel_428 <= 252: 8 (3.0)
|   |   |   |   |   |   |   |   |   |   |   |   |   |   |   |   pixel_428 > 252: 9 (4.0)
|   |   |   |   |   |   |   |   |   |   |   |   |   pixel_1014 > 253: 5 (5.0/1.0)
|   |   |   |   |   |   |   |   pixel_318 > 254
|   |   |   |   |   |   |   |   |   pixel_115 <= 253: 9 (4.0/1.0)
|   |   |   |   |   |   |   |   |   pixel_115 > 253: 2 (4.0)
|   |   |   |   |   |   |   pixel_884 > 254
|   |   |   |   |   |   |   |   pixel_152 <= 252: 8 (7.0/1.0)
|   |   |   |   |   |   |   |   pixel_152 > 252: 9 (2.0)
|   |   |   |   |   |   pixel_442 > 254
|   |   |   |   |   |   |   pixel_407 <= 252
|   |   |   |   |   |   |   |   pixel_212 <= 252: 5 (5.0)
|   |   |   |   |   |   |   |   pixel_212 > 252: 3 (2.0)
|   |   |   |   |   |   |   pixel_407 > 252
|   |   |   |   |   |   |   |   pixel_172 <= 253: 7 (2.0)
|   |   |   |   |   |   |   |   pixel_172 > 253: 6 (6.0/1.0)

Number of Leaves  : 	85

Size of the tree : 	169


Time taken to build model: 26.75 seconds

=== Stratified cross-validation ===
=== Summary ===

Correctly Classified Instances         148               37      %
Incorrectly Classified Instances       252               63      %
Kappa statistic                          0.2976
Mean absolute error                      0.1272
Root mean squared error                  0.3392
Relative absolute error                 70.8236 %
Root relative squared error            113.2116 %
Total Number of Instances              400     

=== Detailed Accuracy By Class ===

               TP Rate   FP Rate   Precision   Recall  F-Measure   ROC Area  Class
                 0.419     0.041      0.464     0.419     0.441      0.681    1
                 0.297     0.058      0.344     0.297     0.319      0.639    2
                 0.4       0.109      0.345     0.4       0.37       0.639    3
                 0.394     0.044      0.448     0.394     0.419      0.683    4
                 0.488     0.073      0.447     0.488     0.467      0.714    5
                 0.378     0.077      0.333     0.378     0.354      0.663    6
                 0.35      0.092      0.298     0.35      0.322      0.652    7
                 0.25      0.057      0.375     0.25      0.3        0.629    8
                 0.413     0.107      0.333     0.413     0.369      0.675    9
                 0.314     0.047      0.393     0.314     0.349      0.65     10
Weighted Avg.    0.37      0.073      0.374     0.37      0.369      0.662

=== Confusion Matrix ===

  a  b  c  d  e  f  g  h  i  j   <-- classified as
 13  2  2  1  4  2  1  1  4  1 |  a = 1
  1 11  5  0  0 10  5  1  2  2 |  b = 2
  1  4 20  2  4  2  4  4  5  4 |  c = 3
  0  3  6 13  1  1  4  2  3  0 |  d = 4
  3  2  1  2 21  4  6  0  4  0 |  e = 5
  2  1  2  2  3 14  5  2  3  3 |  f = 6
  3  3  3  3  3  2 14  3  4  2 |  g = 7
  2  3  7  1  4  0  4 12 11  4 |  h = 8
  1  3  5  4  4  3  2  4 19  1 |  i = 9
  2  0  7  1  3  4  2  3  2 11 |  j = 10

