=== Run information ===

Scheme:       weka.classifiers.trees.J48 -C 0.25 -M 2
Relation:     train-weka.filters.unsupervised.attribute.AddCluster-Wweka.clusterers.EM -I 100 -N 10 -M 1.0E-6 -S 100-weka.filters.unsupervised.instance.RemoveWithValues-S0.0-Clast-L2-weka.filters.unsupervised.instance.RemoveWithValues-S0.0-Clast-L6-weka.filters.unsupervised.attribute.Remove-R1026
Instances:    200
Attributes:   1025
              [list of attributes omitted]
Test mode:    5-fold cross-validation

=== Classifier model (full training set) ===

J48 pruned tree
------------------

pixel_129 <= 3
|   pixel_323 <= 1: 2 (5.0)
|   pixel_323 > 1: 5 (14.0)
pixel_129 > 3
|   pixel_638 <= 5: 8 (10.0)
|   pixel_638 > 5
|   |   pixel_476 <= 1: 9 (10.0)
|   |   pixel_476 > 1
|   |   |   pixel_990 <= 6
|   |   |   |   pixel_928 <= 12
|   |   |   |   |   pixel_563 <= 14: 1 (5.0)
|   |   |   |   |   pixel_563 > 14: 8 (2.0)
|   |   |   |   pixel_928 > 12: 5 (6.0)
|   |   |   pixel_990 > 6
|   |   |   |   pixel_166 <= 99
|   |   |   |   |   pixel_32 <= 3
|   |   |   |   |   |   pixel_433 <= 4: 1 (6.0)
|   |   |   |   |   |   pixel_433 > 4: 8 (5.0/1.0)
|   |   |   |   |   pixel_32 > 3
|   |   |   |   |   |   pixel_710 <= 104
|   |   |   |   |   |   |   pixel_802 <= 12
|   |   |   |   |   |   |   |   pixel_739 <= 2: 6 (4.0)
|   |   |   |   |   |   |   |   pixel_739 > 2: 2 (7.0/1.0)
|   |   |   |   |   |   |   pixel_802 > 12
|   |   |   |   |   |   |   |   pixel_200 <= 40
|   |   |   |   |   |   |   |   |   pixel_743 <= 69
|   |   |   |   |   |   |   |   |   |   pixel_740 <= 7
|   |   |   |   |   |   |   |   |   |   |   pixel_807 <= 0: 10 (3.0)
|   |   |   |   |   |   |   |   |   |   |   pixel_807 > 0
|   |   |   |   |   |   |   |   |   |   |   |   pixel_739 <= 25: 3 (6.0)
|   |   |   |   |   |   |   |   |   |   |   |   pixel_739 > 25: 6 (4.0)
|   |   |   |   |   |   |   |   |   |   pixel_740 > 7
|   |   |   |   |   |   |   |   |   |   |   pixel_937 <= 117
|   |   |   |   |   |   |   |   |   |   |   |   pixel_631 <= 76
|   |   |   |   |   |   |   |   |   |   |   |   |   pixel_136 <= 78
|   |   |   |   |   |   |   |   |   |   |   |   |   |   pixel_196 <= 55
|   |   |   |   |   |   |   |   |   |   |   |   |   |   |   pixel_265 <= 3: 4 (6.0)
|   |   |   |   |   |   |   |   |   |   |   |   |   |   |   pixel_265 > 3: 7 (22.0/2.0)
|   |   |   |   |   |   |   |   |   |   |   |   |   |   pixel_196 > 55: 4 (11.0)
|   |   |   |   |   |   |   |   |   |   |   |   |   pixel_136 > 78: 9 (2.0)
|   |   |   |   |   |   |   |   |   |   |   |   pixel_631 > 76: 9 (6.0)
|   |   |   |   |   |   |   |   |   |   |   pixel_937 > 117
|   |   |   |   |   |   |   |   |   |   |   |   pixel_42 <= 6: 3 (4.0)
|   |   |   |   |   |   |   |   |   |   |   |   pixel_42 > 6: 10 (2.0)
|   |   |   |   |   |   |   |   |   pixel_743 > 69: 8 (5.0/1.0)
|   |   |   |   |   |   |   |   pixel_200 > 40
|   |   |   |   |   |   |   |   |   pixel_291 <= 57: 10 (13.0)
|   |   |   |   |   |   |   |   |   pixel_291 > 57: 3 (11.0/1.0)
|   |   |   |   |   |   pixel_710 > 104: 6 (12.0)
|   |   |   |   pixel_166 > 99
|   |   |   |   |   pixel_839 <= 21: 2 (10.0/1.0)
|   |   |   |   |   pixel_839 > 21: 1 (9.0)

Number of Leaves  : 	27

Size of the tree : 	53


Time taken to build model: 8.07 seconds

=== Stratified cross-validation ===
=== Summary ===

Correctly Classified Instances         124               62      %
Incorrectly Classified Instances        76               38      %
Kappa statistic                          0.5778
Mean absolute error                      0.0776
Root mean squared error                  0.2699
Relative absolute error                 43.1294 %
Root relative squared error             89.9812 %
Total Number of Instances              200     

=== Detailed Accuracy By Class ===

               TP Rate   FP Rate   Precision   Recall  F-Measure   ROC Area  Class
                 0.6       0.05       0.571     0.6       0.585      0.774    1
                 0.7       0.033      0.7       0.7       0.7        0.881    2
                 0.7       0.039      0.667     0.7       0.683      0.832    3
                 0.5       0.039      0.588     0.5       0.541      0.747    4
                 0.75      0.028      0.75      0.75      0.75       0.882    5
                 0.9       0.044      0.692     0.9       0.783      0.928    6
                 0.4       0.028      0.615     0.4       0.485      0.72     7
                 0.55      0.072      0.458     0.55      0.5        0.737    8
                 0.6       0.044      0.6       0.6       0.6        0.781    9
                 0.5       0.044      0.556     0.5       0.526      0.832    10
Weighted Avg.    0.62      0.042      0.62      0.62      0.615      0.811

=== Confusion Matrix ===

  a  b  c  d  e  f  g  h  i  j   <-- classified as
 12  1  0  1  2  1  1  0  1  1 |  a = 1
  2 14  0  1  0  1  1  0  1  0 |  b = 2
  1  0 14  0  0  1  1  1  0  2 |  c = 3
  0  1  0 10  0  0  2  4  1  2 |  d = 4
  0  1  0  0 15  2  0  2  0  0 |  e = 5
  2  0  0  0  0 18  0  0  0  0 |  f = 6
  0  0  2  5  0  0  8  3  1  1 |  g = 7
  2  1  1  0  2  1  0 11  2  0 |  h = 8
  1  1  0  0  1  0  0  3 12  2 |  i = 9
  1  1  4  0  0  2  0  0  2 10 |  j = 10

