=== Run information ===

Evaluator:    weka.attributeSelection.InfoGainAttributeEval 
Search:       weka.attributeSelection.Ranker -T -1.7976931348623157E308 -N -1
Relation:     train_clean
Instances:    200
Attributes:   1025
              [list of attributes omitted]
Evaluation mode:    evaluate on all training data



=== Attribute Selection on all input data ===

Search Method:
	Attribute ranking.

Attribute Evaluator (supervised, Class (nominal): 1025 class):
	Information Gain Ranking Filter

Ranked attributes:
 0.767     838 pixel_838
 0.753     201 pixel_201
 0.709     869 pixel_869
 0.701     233 pixel_233
 0.664     898 pixel_898
 0.663     809 pixel_809
 0.589     230 pixel_230
 0.57      965 pixel_965
 0.557     870 pixel_870
 0.551     773 pixel_773
 0.548     990 pixel_990
 0.537    1020 pixel_1020
 0.533     834 pixel_834
 0.517    1023 pixel_1023
 0.505     772 pixel_772
 0.487     200 pixel_200
 0.485     196 pixel_196
 0.484     933 pixel_933
 0.481     961 pixel_961
 0.479     806 pixel_806
 0.477    1022 pixel_1022
 0.461     198 pixel_198
 0.458     996 pixel_996
 0.457    1021 pixel_1021
 0.453     993 pixel_993
 0.453     997 pixel_997
 0.445     290 pixel_290
 0.437     994 pixel_994
 0.437     989 pixel_989
 0.437     802 pixel_802
 0.434     162 pixel_162
 0.433     804 pixel_804
 0.426     678 pixel_678
 0.419     771 pixel_771
 0.418     229 pixel_229
 0.413     836 pixel_836
 0.406     166 pixel_166
 0.402     100 pixel_100
 0.394     998 pixel_998
 0.39      197 pixel_197
 0.388     199 pixel_199
 0.385     708 pixel_708
 0.379     228 pixel_228
 0.377     962 pixel_962
 0.375     840 pixel_840
 0.372      98 pixel_98
 0.371     935 pixel_935
 0.366     294 pixel_294
 0.366     991 pixel_991
 0.363     897 pixel_897
 0.361     770 pixel_770
 0.36      262 pixel_262
 0.36      779 pixel_779
 0.357     931 pixel_931
 0.357     293 pixel_293
 0.348     896 pixel_896
 0.345     235 pixel_235
 0.345     626 pixel_626
 0.343     165 pixel_165
 0.342       2 pixel_2
 0.341     408 pixel_408
 0.34      900 pixel_900
 0.34       97 pixel_97
 0.333     252 pixel_252
 0.332     929 pixel_929
 0.332    1000 pixel_1000
 0.33      227 pixel_227
 0.327     259 pixel_259
 0.327     932 pixel_932
 0.322     963 pixel_963
 0.322     837 pixel_837
 0.32      895 pixel_895
 0.32      967 pixel_967
 0.319     995 pixel_995
 0.319     868 pixel_868
 0.318     930 pixel_930
 0.318     129 pixel_129
 0.316     642 pixel_642
 0.309      31 pixel_31
 0.308     761 pixel_761
 0.305     865 pixel_865
 0.299     133 pixel_133
 0.297     901 pixel_901
 0.295     362 pixel_362
 0.293     130 pixel_130
 0.292     226 pixel_226
 0.291     805 pixel_805
 0.29      794 pixel_794
 0.289      28 pixel_28
 0.287     762 pixel_762
 0.286     101 pixel_101
 0.286     866 pixel_866
 0.286     291 pixel_291
 0.286       1 pixel_1
 0.282     863 pixel_863
 0.282      29 pixel_29
 0.282     225 pixel_225
 0.28      593 pixel_593
 0.279     835 pixel_835
 0.279      62 pixel_62
 0.276     260 pixel_260
 0.276     627 pixel_627
 0.276     740 pixel_740
 0.275     939 pixel_939
 0.275     891 pixel_891
 0.274     194 pixel_194
 0.271     833 pixel_833
 0.271      66 pixel_66
 0.27      776 pixel_776
 0.27      261 pixel_261
 0.27      964 pixel_964
 0.268     292 pixel_292
 0.266     928 pixel_928
 0.266     938 pixel_938
 0.266    1024 pixel_1024
 0.265     258 pixel_258
 0.264      32 pixel_32
 0.263     832 pixel_832
 0.261     132 pixel_132
 0.261     673 pixel_673
 0.259     801 pixel_801
 0.259     237 pixel_237
 0.259     999 pixel_999
 0.259     361 pixel_361
 0.259     193 pixel_193
 0.258     324 pixel_324
 0.257     161 pixel_161
 0.256     926 pixel_926
 0.256       6 pixel_6
 0.256     890 pixel_890
 0.255     136 pixel_136
 0.254     831 pixel_831
 0.253     803 pixel_803
 0.253     808 pixel_808
 0.253     195 pixel_195
 0.252     384 pixel_384
 0.252     675 pixel_675
 0.252      33 pixel_33
 0.25      960 pixel_960
 0.25      925 pixel_925
 0.249     232 pixel_232
 0.248     296 pixel_296
 0.248     825 pixel_825
 0.247     769 pixel_769
 0.247     707 pixel_707
 0.245     131 pixel_131
 0.245     971 pixel_971
 0.244     958 pixel_958
 0.244     299 pixel_299
 0.243      65 pixel_65
 0.24      356 pixel_356
 0.239      69 pixel_69
 0.238      67 pixel_67
 0.237     742 pixel_742
 0.237     138 pixel_138
 0.237     352 pixel_352
 0.236     134 pixel_134
 0.234     679 pixel_679
 0.234     360 pixel_360
 0.234     710 pixel_710
 0.233     858 pixel_858
 0.233      34 pixel_34
 0.233     546 pixel_546
 0.233     739 pixel_739
 0.232     513 pixel_513
 0.232     676 pixel_676
 0.232      63 pixel_63
 0.231     565 pixel_565
 0.231      35 pixel_35
 0.231     163 pixel_163
 0.231     774 pixel_774
 0.23      323 pixel_323
 0.229     358 pixel_358
 0.229     646 pixel_646
 0.229     777 pixel_777
 0.228     107 pixel_107
 0.228      70 pixel_70
 0.227     319 pixel_319
 0.227     842 pixel_842
 0.226     733 pixel_733
 0.226     286 pixel_286
 0.226      76 pixel_76
 0.225     326 pixel_326
 0.224     799 pixel_799
 0.224     904 pixel_904
 0.224     170 pixel_170
 0.224     892 pixel_892
 0.223     934 pixel_934
 0.223      99 pixel_99
 0.222     966 pixel_966
 0.222     545 pixel_545
 0.221     321 pixel_321
 0.221     180 pixel_180
 0.221      30 pixel_30
 0.22      482 pixel_482
 0.22      734 pixel_734
 0.22      287 pixel_287
 0.219     793 pixel_793
 0.218     267 pixel_267
 0.218     255 pixel_255
 0.218     595 pixel_595
 0.217     203 pixel_203
 0.217     329 pixel_329
 0.216     171 pixel_171
 0.216     139 pixel_139
 0.215     959 pixel_959
 0.214     509 pixel_509
 0.214     411 pixel_411
 0.214     937 pixel_937
 0.213     611 pixel_611
 0.213     812 pixel_812
 0.213     448 pixel_448
 0.212     874 pixel_874
 0.212     738 pixel_738
 0.211     680 pixel_680
 0.211     236 pixel_236
 0.207     268 pixel_268
 0.207     376 pixel_376
 0.207     681 pixel_681
 0.207     256 pixel_256
 0.207     810 pixel_810
 0.206     331 pixel_331
 0.206     347 pixel_347
 0.205     388 pixel_388
 0.205     970 pixel_970
 0.205     927 pixel_927
 0.205     353 pixel_353
 0.205     844 pixel_844
 0.204      73 pixel_73
 0.204     992 pixel_992
 0.203     266 pixel_266
 0.202     625 pixel_625
 0.202     807 pixel_807
 0.201     216 pixel_216
 0.201     730 pixel_730
 0.201     778 pixel_778
 0.2       672 pixel_672
 0.2       433 pixel_433
 0.199      41 pixel_41
 0.199     741 pixel_741
 0.198     747 pixel_747
 0.198     508 pixel_508
 0.198     402 pixel_402
 0.198     264 pixel_264
 0.197     905 pixel_905
 0.197     188 pixel_188
 0.197     168 pixel_168
 0.197       4 pixel_4
 0.197     202 pixel_202
 0.196     205 pixel_205
 0.196     504 pixel_504
 0.196     648 pixel_648
 0.194     540 pixel_540
 0.194     658 pixel_658
 0.194     105 pixel_105
 0.194     573 pixel_573
 0.193     370 pixel_370
 0.193     800 pixel_800
 0.192     184 pixel_184
 0.191     634 pixel_634
 0.191     594 pixel_594
 0.191     765 pixel_765
 0.19      746 pixel_746
 0.189     486 pixel_486
 0.189     572 pixel_572
 0.189     864 pixel_864
 0.187     187 pixel_187
 0.187       3 pixel_3
 0.186     638 pixel_638
 0.186     449 pixel_449
 0.186     289 pixel_289
 0.186     173 pixel_173
 0.186     222 pixel_222
 0.185     393 pixel_393
 0.184     254 pixel_254
 0.183       5 pixel_5
 0.183     714 pixel_714
 0.183     894 pixel_894
 0.183    1019 pixel_1019
 0.182     250 pixel_250
 0.182      43 pixel_43
 0.182     172 pixel_172
 0.181     300 pixel_300
 0.181     541 pixel_541
 0.181      36 pixel_36
 0.181     314 pixel_314
 0.181     476 pixel_476
 0.181     234 pixel_234
 0.178     140 pixel_140
 0.178     265 pixel_265
 0.178     391 pixel_391
 0.178     564 pixel_564
 0.174     705 pixel_705
 0.174     889 pixel_889
 0.174     795 pixel_795
 0.174     263 pixel_263
 0.172     215 pixel_215
 0.172      74 pixel_74
 0.171     301 pixel_301
 0.171     103 pixel_103
 0.17      277 pixel_277
 0.169     474 pixel_474
 0.169      11 pixel_11
 0.167    1018 pixel_1018
 0.166     403 pixel_403
 0.165     670 pixel_670
 0.165     481 pixel_481
 0.165     574 pixel_574
 0.165     577 pixel_577
 0.165     542 pixel_542
 0.165     606 pixel_606
 0.165     322 pixel_322
 0.164     186 pixel_186
 0.164     417 pixel_417
 0.163     434 pixel_434
 0.162     315 pixel_315
 0.162     385 pixel_385
 0.161     418 pixel_418
 0.161     578 pixel_578
 0.161     539 pixel_539
 0.16      185 pixel_185
 0.16      968 pixel_968
 0.159     827 pixel_827
 0.158     510 pixel_510
 0.158     538 pixel_538
 0.158     244 pixel_244
 0.156     597 pixel_597
 0.152      96 pixel_96
 0.152     957 pixel_957
 0.151     547 pixel_547
 0.149     386 pixel_386
 0.149     924 pixel_924
 0.149     645 pixel_645
 0.148     116 pixel_116
 0.145     923 pixel_923
 0.145     860 pixel_860
 0.145     450 pixel_450
 0.145     506 pixel_506
 0.143     744 pixel_744
 0.142     605 pixel_605
 0.142     517 pixel_517
 0.142      15 pixel_15
 0.138     791 pixel_791
 0.137     214 pixel_214
 0.135     669 pixel_669
 0.135     155 pixel_155
 0.134     921 pixel_921
 0.133     796 pixel_796
 0.126     336 pixel_336
 0.125     702 pixel_702
 0.125     576 pixel_576
 0.12       22 pixel_22
 0         284 pixel_284
 0         282 pixel_282
 0         283 pixel_283
 0         405 pixel_405
 0         285 pixel_285
 0         404 pixel_404
 0         297 pixel_297
 0         406 pixel_406
 0         409 pixel_409
 0         298 pixel_298
 0         407 pixel_407
 0         413 pixel_413
 0         414 pixel_414
 0         288 pixel_288
 0         295 pixel_295
 0         412 pixel_412
 0         410 pixel_410
 0         378 pixel_378
 0         390 pixel_390
 0         392 pixel_392
 0         338 pixel_338
 0         340 pixel_340
 0         341 pixel_341
 0         389 pixel_389
 0         339 pixel_339
 0         387 pixel_387
 0         397 pixel_397
 0         335 pixel_335
 0         334 pixel_334
 0         398 pixel_398
 0         337 pixel_337
 0         377 pixel_377
 0         396 pixel_396
 0         394 pixel_394
 0         395 pixel_395
 0         383 pixel_383
 0         382 pixel_382
 0         354 pixel_354
 0         379 pixel_379
 0         359 pixel_359
 0         380 pixel_380
 0         355 pixel_355
 0         357 pixel_357
 0         381 pixel_381
 0         344 pixel_344
 0         345 pixel_345
 0         342 pixel_342
 0         343 pixel_343
 0         350 pixel_350
 0         351 pixel_351
 0         346 pixel_346
 0         349 pixel_349
 0         348 pixel_348
 0         374 pixel_374
 0         309 pixel_309
 0         375 pixel_375
 0         399 pixel_399
 0         371 pixel_371
 0         369 pixel_369
 0         310 pixel_310
 0         372 pixel_372
 0         373 pixel_373
 0         303 pixel_303
 0         304 pixel_304
 0         401 pixel_401
 0         302 pixel_302
 0         308 pixel_308
 0         400 pixel_400
 0         305 pixel_305
 0         307 pixel_307
 0         306 pixel_306
 0         363 pixel_363
 0         325 pixel_325
 0         365 pixel_365
 0         364 pixel_364
 0         332 pixel_332
 0         333 pixel_333
 0         327 pixel_327
 0         330 pixel_330
 0         328 pixel_328
 0         367 pixel_367
 0         366 pixel_366
 0         311 pixel_311
 0         368 pixel_368
 0         312 pixel_312
 0         318 pixel_318
 0         320 pixel_320
 0         313 pixel_313
 0         317 pixel_317
 0         316 pixel_316
 0          87 pixel_87
 0          88 pixel_88
 0          84 pixel_84
 0          86 pixel_86
 0          85 pixel_85
 0          92 pixel_92
 0          93 pixel_93
 0          89 pixel_89
 0          91 pixel_91
 0          90 pixel_90
 0          75 pixel_75
 0          77 pixel_77
 0          68 pixel_68
 0          72 pixel_72
 0          71 pixel_71
 0          81 pixel_81
 0          83 pixel_83
 0          82 pixel_82
 0          78 pixel_78
 0          80 pixel_80
 0          79 pixel_79
 0         118 pixel_118
 0         119 pixel_119
 0         114 pixel_114
 0         117 pixel_117
 0         115 pixel_115
 0         123 pixel_123
 0         124 pixel_124
 0         120 pixel_120
 0         122 pixel_122
 0         121 pixel_121
 0         104 pixel_104
 0         106 pixel_106
 0          94 pixel_94
 0         102 pixel_102
 0          95 pixel_95
 0         111 pixel_111
 0         113 pixel_113
 0         112 pixel_112
 0         108 pixel_108
 0         110 pixel_110
 0         109 pixel_109
 0          24 pixel_24
 0          25 pixel_25
 0          20 pixel_20
 0          23 pixel_23
 0          21 pixel_21
 0          38 pixel_38
 0          39 pixel_39
 0          26 pixel_26
 0          37 pixel_37
 0          27 pixel_27
 0          10 pixel_10
 0          12 pixel_12
 0           7 pixel_7
 0           9 pixel_9
 0           8 pixel_8
 0          17 pixel_17
 0          19 pixel_19
 0          18 pixel_18
 0          13 pixel_13
 0          16 pixel_16
 0          14 pixel_14
 0          56 pixel_56
 0          57 pixel_57
 0          53 pixel_53
 0          55 pixel_55
 0          54 pixel_54
 0          61 pixel_61
 0          64 pixel_64
 0          58 pixel_58
 0          60 pixel_60
 0          59 pixel_59
 0          45 pixel_45
 0          46 pixel_46
 0          40 pixel_40
 0          44 pixel_44
 0          42 pixel_42
 0          50 pixel_50
 0          52 pixel_52
 0          51 pixel_51
 0          47 pixel_47
 0          49 pixel_49
 0          48 pixel_48
 0         224 pixel_224
 0         231 pixel_231
 0         220 pixel_220
 0         223 pixel_223
 0         221 pixel_221
 0         241 pixel_241
 0         242 pixel_242
 0         238 pixel_238
 0         240 pixel_240
 0         239 pixel_239
 0         209 pixel_209
 0         210 pixel_210
 0         206 pixel_206
 0         208 pixel_208
 0         207 pixel_207
 0         217 pixel_217
 0         219 pixel_219
 0         218 pixel_218
 0         211 pixel_211
 0         213 pixel_213
 0         212 pixel_212
 0         274 pixel_274
 0         275 pixel_275
 0         271 pixel_271
 0         273 pixel_273
 0         272 pixel_272
 0         280 pixel_280
 0         281 pixel_281
 0         276 pixel_276
 0         279 pixel_279
 0         278 pixel_278
 0         247 pixel_247
 0         248 pixel_248
 0         243 pixel_243
 0         246 pixel_246
 0         245 pixel_245
 0         257 pixel_257
 0         270 pixel_270
 0         269 pixel_269
 0         249 pixel_249
 0         253 pixel_253
 0         251 pixel_251
 0         149 pixel_149
 0         150 pixel_150
 0         146 pixel_146
 0         148 pixel_148
 0         147 pixel_147
 0         154 pixel_154
 0         156 pixel_156
 0         151 pixel_151
 0         153 pixel_153
 0         152 pixel_152
 0         128 pixel_128
 0         135 pixel_135
 0         125 pixel_125
 0         127 pixel_127
 0         126 pixel_126
 0         143 pixel_143
 0         145 pixel_145
 0         144 pixel_144
 0         137 pixel_137
 0         142 pixel_142
 0         141 pixel_141
 0         182 pixel_182
 0         183 pixel_183
 0         178 pixel_178
 0         181 pixel_181
 0         179 pixel_179
 0         192 pixel_192
 0         204 pixel_204
 0         189 pixel_189
 0         191 pixel_191
 0         190 pixel_190
 0         160 pixel_160
 0         164 pixel_164
 0         157 pixel_157
 0         159 pixel_159
 0         158 pixel_158
 0         175 pixel_175
 0         177 pixel_177
 0         176 pixel_176
 0         167 pixel_167
 0         174 pixel_174
 0         169 pixel_169
 0         782 pixel_782
 0         784 pixel_784
 0         783 pixel_783
 0         775 pixel_775
 0         781 pixel_781
 0         780 pixel_780
 0         788 pixel_788
 0         790 pixel_790
 0         789 pixel_789
 0         785 pixel_785
 0         787 pixel_787
 0         786 pixel_786
 0         756 pixel_756
 0         758 pixel_758
 0         757 pixel_757
 0         753 pixel_753
 0         755 pixel_755
 0         754 pixel_754
 0         766 pixel_766
 0         768 pixel_768
 0         767 pixel_767
 0         760 pixel_760
 0         759 pixel_759
 0         764 pixel_764
 0         763 pixel_763
 0         826 pixel_826
 0         829 pixel_829
 0         828 pixel_828
 0         822 pixel_822
 0         824 pixel_824
 0         823 pixel_823
 0         845 pixel_845
 0         847 pixel_847
 0         846 pixel_846
 0         839 pixel_839
 0         830 pixel_830
 0         843 pixel_843
 0         841 pixel_841
 0         811 pixel_811
 0         814 pixel_814
 0         813 pixel_813
 0         792 pixel_792
 0         798 pixel_798
 0         797 pixel_797
 0         819 pixel_819
 0         821 pixel_821
 0         820 pixel_820
 0         816 pixel_816
 0         815 pixel_815
 0         818 pixel_818
 0         817 pixel_817
 0         700 pixel_700
 0         703 pixel_703
 0         701 pixel_701
 0         697 pixel_697
 0         699 pixel_699
 0         698 pixel_698
 0         712 pixel_712
 0         715 pixel_715
 0         713 pixel_713
 0         706 pixel_706
 0         704 pixel_704
 0         711 pixel_711
 0         709 pixel_709
 0         687 pixel_687
 0         689 pixel_689
 0         688 pixel_688
 0         684 pixel_684
 0         686 pixel_686
 0         685 pixel_685
 0         694 pixel_694
 0         696 pixel_696
 0         695 pixel_695
 0         691 pixel_691
 0         690 pixel_690
 0         693 pixel_693
 0         692 pixel_692
 0         735 pixel_735
 0         737 pixel_737
 0         736 pixel_736
 0         729 pixel_729
 0         732 pixel_732
 0         731 pixel_731
 0         750 pixel_750
 0         752 pixel_752
 0         751 pixel_751
 0         745 pixel_745
 0         743 pixel_743
 0         749 pixel_749
 0         748 pixel_748
 0         719 pixel_719
 0         721 pixel_721
 0         720 pixel_720
 0         716 pixel_716
 0         718 pixel_718
 0         717 pixel_717
 0         726 pixel_726
 0         728 pixel_728
 0         727 pixel_727
 0         723 pixel_723
 0         722 pixel_722
 0         725 pixel_725
 0         724 pixel_724
 0         956 pixel_956
 0         972 pixel_972
 0         969 pixel_969
 0         953 pixel_953
 0         955 pixel_955
 0         954 pixel_954
 0         977 pixel_977
 0         979 pixel_979
 0         978 pixel_978
 0         974 pixel_974
 0         973 pixel_973
 0         976 pixel_976
 0         975 pixel_975
 0         943 pixel_943
 0         945 pixel_945
 0         944 pixel_944
 0         940 pixel_940
 0         942 pixel_942
 0         941 pixel_941
 0         950 pixel_950
 0         952 pixel_952
 0         951 pixel_951
 0         947 pixel_947
 0         946 pixel_946
 0         949 pixel_949
 0         948 pixel_948
 0        1008 pixel_1008
 0        1010 pixel_1010
 0        1009 pixel_1009
 0        1005 pixel_1005
 0        1007 pixel_1007
 0        1006 pixel_1006
 0        1015 pixel_1015
 0        1017 pixel_1017
 0        1016 pixel_1016
 0        1012 pixel_1012
 0        1011 pixel_1011
 0        1014 pixel_1014
 0        1013 pixel_1013
 0         983 pixel_983
 0         985 pixel_985
 0         984 pixel_984
 0         980 pixel_980
 0         982 pixel_982
 0         981 pixel_981
 0        1002 pixel_1002
 0        1004 pixel_1004
 0        1003 pixel_1003
 0         987 pixel_987
 0         986 pixel_986
 0        1001 pixel_1001
 0         988 pixel_988
 0         873 pixel_873
 0         876 pixel_876
 0         875 pixel_875
 0         867 pixel_867
 0         872 pixel_872
 0         871 pixel_871
 0         881 pixel_881
 0         883 pixel_883
 0         882 pixel_882
 0         878 pixel_878
 0         877 pixel_877
 0         880 pixel_880
 0         879 pixel_879
 0         851 pixel_851
 0         853 pixel_853
 0         852 pixel_852
 0         848 pixel_848
 0         850 pixel_850
 0         849 pixel_849
 0         859 pixel_859
 0         862 pixel_862
 0         861 pixel_861
 0         855 pixel_855
 0         854 pixel_854
 0         857 pixel_857
 0         856 pixel_856
 0         913 pixel_913
 0         915 pixel_915
 0         914 pixel_914
 0         910 pixel_910
 0         912 pixel_912
 0         911 pixel_911
 0         920 pixel_920
 0         936 pixel_936
 0         922 pixel_922
 0         917 pixel_917
 0         916 pixel_916
 0         919 pixel_919
 0         918 pixel_918
 0         887 pixel_887
 0         893 pixel_893
 0         888 pixel_888
 0         884 pixel_884
 0         886 pixel_886
 0         885 pixel_885
 0         907 pixel_907
 0         909 pixel_909
 0         908 pixel_908
 0         902 pixel_902
 0         899 pixel_899
 0         906 pixel_906
 0         903 pixel_903
 0         495 pixel_495
 0         497 pixel_497
 0         496 pixel_496
 0         492 pixel_492
 0         494 pixel_494
 0         493 pixel_493
 0         501 pixel_501
 0         503 pixel_503
 0         502 pixel_502
 0         498 pixel_498
 0         500 pixel_500
 0         499 pixel_499
 0         479 pixel_479
 0         483 pixel_483
 0         480 pixel_480
 0         475 pixel_475
 0         478 pixel_478
 0         477 pixel_477
 0         489 pixel_489
 0         491 pixel_491
 0         490 pixel_490
 0         485 pixel_485
 0         484 pixel_484
 0         488 pixel_488
 0         487 pixel_487
 0         527 pixel_527
 0         529 pixel_529
 0         528 pixel_528
 0         524 pixel_524
 0         526 pixel_526
 0         525 pixel_525
 0         534 pixel_534
 0         536 pixel_536
 0         535 pixel_535
 0         531 pixel_531
 0         530 pixel_530
 0         533 pixel_533
 0         532 pixel_532
 0         512 pixel_512
 0         515 pixel_515
 0         514 pixel_514
 0         505 pixel_505
 0         511 pixel_511
 0         507 pixel_507
 0         521 pixel_521
 0         523 pixel_523
 0         522 pixel_522
 0         518 pixel_518
 0         516 pixel_516
 0         520 pixel_520
 0         519 pixel_519
 0         435 pixel_435
 0         437 pixel_437
 0         436 pixel_436
 0         430 pixel_430
 0         432 pixel_432
 0         431 pixel_431
 0         442 pixel_442
 0         444 pixel_444
 0         443 pixel_443
 0         439 pixel_439
 0         438 pixel_438
 0         441 pixel_441
 0         440 pixel_440
 0         420 pixel_420
 0         422 pixel_422
 0         421 pixel_421
 0         415 pixel_415
 0         419 pixel_419
 0         416 pixel_416
 0         427 pixel_427
 0         429 pixel_429
 0         428 pixel_428
 0         424 pixel_424
 0         423 pixel_423
 0         426 pixel_426
 0         425 pixel_425
 0         464 pixel_464
 0         466 pixel_466
 0         465 pixel_465
 0         461 pixel_461
 0         463 pixel_463
 0         462 pixel_462
 0         471 pixel_471
 0         473 pixel_473
 0         472 pixel_472
 0         468 pixel_468
 0         467 pixel_467
 0         470 pixel_470
 0         469 pixel_469
 0         451 pixel_451
 0         453 pixel_453
 0         452 pixel_452
 0         445 pixel_445
 0         447 pixel_447
 0         446 pixel_446
 0         458 pixel_458
 0         460 pixel_460
 0         459 pixel_459
 0         455 pixel_455
 0         454 pixel_454
 0         457 pixel_457
 0         456 pixel_456
 0         631 pixel_631
 0         633 pixel_633
 0         632 pixel_632
 0         628 pixel_628
 0         630 pixel_630
 0         629 pixel_629
 0         640 pixel_640
 0         643 pixel_643
 0         641 pixel_641
 0         636 pixel_636
 0         635 pixel_635
 0         639 pixel_639
 0         637 pixel_637
 0         615 pixel_615
 0         617 pixel_617
 0         616 pixel_616
 0         612 pixel_612
 0         614 pixel_614
 0         613 pixel_613
 0         622 pixel_622
 0         624 pixel_624
 0         623 pixel_623
 0         619 pixel_619
 0         618 pixel_618
 0         621 pixel_621
 0         620 pixel_620
 0         664 pixel_664
 0         666 pixel_666
 0         665 pixel_665
 0         661 pixel_661
 0         663 pixel_663
 0         662 pixel_662
 0         677 pixel_677
 0         683 pixel_683
 0         682 pixel_682
 0         668 pixel_668
 0         667 pixel_667
 0         674 pixel_674
 0         671 pixel_671
 0         650 pixel_650
 0         652 pixel_652
 0         651 pixel_651
 0         644 pixel_644
 0         649 pixel_649
 0         647 pixel_647
 0         657 pixel_657
 0         660 pixel_660
 0         659 pixel_659
 0         654 pixel_654
 0         653 pixel_653
 0         656 pixel_656
 0         655 pixel_655
 0         561 pixel_561
 0         563 pixel_563
 0         562 pixel_562
 0         558 pixel_558
 0         560 pixel_560
 0         559 pixel_559
 0         570 pixel_570
 0         575 pixel_575
 0         571 pixel_571
 0         567 pixel_567
 0         566 pixel_566
 0         569 pixel_569
 0         568 pixel_568
 0         548 pixel_548
 0         550 pixel_550
 0         549 pixel_549
 0         537 pixel_537
 0         544 pixel_544
 0         543 pixel_543
 0         555 pixel_555
 0         557 pixel_557
 0         556 pixel_556
 0         552 pixel_552
 0         551 pixel_551
 0         554 pixel_554
 0         553 pixel_553
 0         599 pixel_599
 0         601 pixel_601
 0         600 pixel_600
 0         592 pixel_592
 0         598 pixel_598
 0         596 pixel_596
 0         608 pixel_608
 0         610 pixel_610
 0         609 pixel_609
 0         603 pixel_603
 0         602 pixel_602
 0         607 pixel_607
 0         604 pixel_604
 0         582 pixel_582
 0         584 pixel_584
 0         583 pixel_583
 0         579 pixel_579
 0         581 pixel_581
 0         580 pixel_580
 0         589 pixel_589
 0         591 pixel_591
 0         590 pixel_590
 0         586 pixel_586
 0         585 pixel_585
 0         588 pixel_588
 0         587 pixel_587

Selected attributes: 838,201,869,233,898,809,230,965,870,773,990,1020,834,1023,772,200,196,933,961,806,1022,198,996,1021,993,997,290,994,989,802,162,804,678,771,229,836,166,100,998,197,199,708,228,962,840,98,935,294,991,897,770,262,779,931,293,896,235,626,165,2,408,900,97,252,929,1000,227,259,932,963,837,895,967,995,868,930,129,642,31,761,865,133,901,362,130,226,805,794,28,762,101,866,291,1,863,29,225,593,835,62,260,627,740,939,891,194,833,66,776,261,964,292,928,938,1024,258,32,832,132,673,801,237,999,361,193,324,161,926,6,890,136,831,803,808,195,384,675,33,960,925,232,296,825,769,707,131,971,958,299,65,356,69,67,742,138,352,134,679,360,710,858,34,546,739,513,676,63,565,35,163,774,323,358,646,777,107,70,319,842,733,286,76,326,799,904,170,892,934,99,966,545,321,180,30,482,734,287,793,267,255,595,203,329,171,139,959,509,411,937,611,812,448,874,738,680,236,268,376,681,256,810,331,347,388,970,927,353,844,73,992,266,625,807,216,730,778,672,433,41,741,747,508,402,264,905,188,168,4,202,205,504,648,540,658,105,573,370,800,184,634,594,765,746,486,572,864,187,3,638,449,289,173,222,393,254,5,714,894,1019,250,43,172,300,541,36,314,476,234,140,265,391,564,705,889,795,263,215,74,301,103,277,474,11,1018,403,670,481,574,577,542,606,322,186,417,434,315,385,418,578,539,185,968,827,510,538,244,597,96,957,547,386,924,645,116,923,860,450,506,744,605,517,15,791,214,669,155,921,796,336,702,576,22,284,282,283,405,285,404,297,406,409,298,407,413,414,288,295,412,410,378,390,392,338,340,341,389,339,387,397,335,334,398,337,377,396,394,395,383,382,354,379,359,380,355,357,381,344,345,342,343,350,351,346,349,348,374,309,375,399,371,369,310,372,373,303,304,401,302,308,400,305,307,306,363,325,365,364,332,333,327,330,328,367,366,311,368,312,318,320,313,317,316,87,88,84,86,85,92,93,89,91,90,75,77,68,72,71,81,83,82,78,80,79,118,119,114,117,115,123,124,120,122,121,104,106,94,102,95,111,113,112,108,110,109,24,25,20,23,21,38,39,26,37,27,10,12,7,9,8,17,19,18,13,16,14,56,57,53,55,54,61,64,58,60,59,45,46,40,44,42,50,52,51,47,49,48,224,231,220,223,221,241,242,238,240,239,209,210,206,208,207,217,219,218,211,213,212,274,275,271,273,272,280,281,276,279,278,247,248,243,246,245,257,270,269,249,253,251,149,150,146,148,147,154,156,151,153,152,128,135,125,127,126,143,145,144,137,142,141,182,183,178,181,179,192,204,189,191,190,160,164,157,159,158,175,177,176,167,174,169,782,784,783,775,781,780,788,790,789,785,787,786,756,758,757,753,755,754,766,768,767,760,759,764,763,826,829,828,822,824,823,845,847,846,839,830,843,841,811,814,813,792,798,797,819,821,820,816,815,818,817,700,703,701,697,699,698,712,715,713,706,704,711,709,687,689,688,684,686,685,694,696,695,691,690,693,692,735,737,736,729,732,731,750,752,751,745,743,749,748,719,721,720,716,718,717,726,728,727,723,722,725,724,956,972,969,953,955,954,977,979,978,974,973,976,975,943,945,944,940,942,941,950,952,951,947,946,949,948,1008,1010,1009,1005,1007,1006,1015,1017,1016,1012,1011,1014,1013,983,985,984,980,982,981,1002,1004,1003,987,986,1001,988,873,876,875,867,872,871,881,883,882,878,877,880,879,851,853,852,848,850,849,859,862,861,855,854,857,856,913,915,914,910,912,911,920,936,922,917,916,919,918,887,893,888,884,886,885,907,909,908,902,899,906,903,495,497,496,492,494,493,501,503,502,498,500,499,479,483,480,475,478,477,489,491,490,485,484,488,487,527,529,528,524,526,525,534,536,535,531,530,533,532,512,515,514,505,511,507,521,523,522,518,516,520,519,435,437,436,430,432,431,442,444,443,439,438,441,440,420,422,421,415,419,416,427,429,428,424,423,426,425,464,466,465,461,463,462,471,473,472,468,467,470,469,451,453,452,445,447,446,458,460,459,455,454,457,456,631,633,632,628,630,629,640,643,641,636,635,639,637,615,617,616,612,614,613,622,624,623,619,618,621,620,664,666,665,661,663,662,677,683,682,668,667,674,671,650,652,651,644,649,647,657,660,659,654,653,656,655,561,563,562,558,560,559,570,575,571,567,566,569,568,548,550,549,537,544,543,555,557,556,552,551,554,553,599,601,600,592,598,596,608,610,609,603,602,607,604,582,584,583,579,581,580,589,591,590,586,585,588,587 : 1024

