=== Run information ===

Scheme:       weka.classifiers.trees.J48 -C 0.25 -M 2
Relation:     train_best
Instances:    200
Attributes:   350
              [list of attributes omitted]
Test mode:    5-fold cross-validation

=== Classifier model (full training set) ===

J48 pruned tree
------------------

pixel_129 <= 3
|   pixel_323 <= 1: 2 (5.0)
|   pixel_323 > 1: 5 (14.0)
pixel_129 > 3
|   pixel_261 <= 93
|   |   pixel_802 <= 12
|   |   |   pixel_742 <= 1: 8 (5.0/1.0)
|   |   |   pixel_742 > 1
|   |   |   |   pixel_739 <= 2: 6 (4.0)
|   |   |   |   pixel_739 > 2: 2 (6.0/1.0)
|   |   pixel_802 > 12
|   |   |   pixel_200 <= 40
|   |   |   |   pixel_825 <= 5: 3 (6.0)
|   |   |   |   pixel_825 > 5
|   |   |   |   |   pixel_805 <= 63
|   |   |   |   |   |   pixel_836 <= 40
|   |   |   |   |   |   |   pixel_593 <= 11
|   |   |   |   |   |   |   |   pixel_760 <= 6
|   |   |   |   |   |   |   |   |   pixel_808 <= 0: 4 (2.0)
|   |   |   |   |   |   |   |   |   pixel_808 > 0: 7 (8.0)
|   |   |   |   |   |   |   |   pixel_760 > 6
|   |   |   |   |   |   |   |   |   pixel_680 <= 5: 1 (7.0)
|   |   |   |   |   |   |   |   |   pixel_680 > 5: 6 (4.0/1.0)
|   |   |   |   |   |   |   pixel_593 > 11
|   |   |   |   |   |   |   |   pixel_228 <= 41
|   |   |   |   |   |   |   |   |   pixel_594 <= 6: 10 (4.0)
|   |   |   |   |   |   |   |   |   pixel_594 > 6
|   |   |   |   |   |   |   |   |   |   pixel_933 <= 54
|   |   |   |   |   |   |   |   |   |   |   pixel_201 <= 23
|   |   |   |   |   |   |   |   |   |   |   |   pixel_362 <= 1: 8 (6.0)
|   |   |   |   |   |   |   |   |   |   |   |   pixel_362 > 1: 9 (19.0)
|   |   |   |   |   |   |   |   |   |   |   pixel_201 > 23: 8 (10.0)
|   |   |   |   |   |   |   |   |   |   pixel_933 > 54: 10 (3.0/1.0)
|   |   |   |   |   |   |   |   pixel_228 > 41: 7 (4.0/1.0)
|   |   |   |   |   |   pixel_836 > 40
|   |   |   |   |   |   |   pixel_937 <= 117
|   |   |   |   |   |   |   |   pixel_806 <= 31: 4 (17.0/1.0)
|   |   |   |   |   |   |   |   pixel_806 > 31: 7 (7.0)
|   |   |   |   |   |   |   pixel_937 > 117: 3 (5.0/1.0)
|   |   |   |   |   pixel_805 > 63: 1 (11.0)
|   |   |   pixel_200 > 40
|   |   |   |   pixel_291 <= 57: 10 (13.0)
|   |   |   |   pixel_291 > 57: 3 (8.0/1.0)
|   pixel_261 > 93
|   |   pixel_201 <= 44
|   |   |   pixel_292 <= 45: 6 (13.0)
|   |   |   pixel_292 > 45: 5 (5.0)
|   |   pixel_201 > 44
|   |   |   pixel_200 <= 32: 2 (10.0)
|   |   |   pixel_200 > 32: 3 (4.0/1.0)

Number of Leaves  : 	26

Size of the tree : 	51


Time taken to build model: 1.93 seconds

=== Stratified cross-validation ===
=== Summary ===

Correctly Classified Instances         127               63.5    %
Incorrectly Classified Instances        73               36.5    %
Kappa statistic                          0.5944
Mean absolute error                      0.0754
Root mean squared error                  0.2611
Relative absolute error                 41.8729 %
Root relative squared error             87.0408 %
Total Number of Instances              200     

=== Detailed Accuracy By Class ===

               TP Rate   FP Rate   Precision   Recall  F-Measure   ROC Area  Class
                 0.6       0.067      0.5       0.6       0.545      0.788    1
                 0.8       0.028      0.762     0.8       0.78       0.915    2
                 0.5       0.017      0.769     0.5       0.606      0.83     3
                 0.6       0.044      0.6       0.6       0.6        0.788    4
                 0.85      0.011      0.895     0.85      0.872      0.945    5
                 0.75      0.033      0.714     0.75      0.732      0.858    6
                 0.4       0.033      0.571     0.4       0.471      0.723    7
                 0.65      0.039      0.65      0.65      0.65       0.8      8
                 0.6       0.089      0.429     0.6       0.5        0.761    9
                 0.6       0.044      0.6       0.6       0.6        0.795    10
Weighted Avg.    0.635     0.041      0.649     0.635     0.636      0.82 

=== Confusion Matrix ===

  a  b  c  d  e  f  g  h  i  j   <-- classified as
 12  1  0  0  0  3  0  3  1  0 |  a = 1
  2 16  0  1  0  0  0  0  0  1 |  b = 2
  2  0 10  2  0  0  0  1  2  3 |  c = 3
  1  0  0 12  0  0  2  1  3  1 |  d = 4
  2  0  0  0 17  0  0  0  1  0 |  e = 5
  1  2  0  0  0 15  1  0  1  0 |  f = 6
  0  1  0  4  0  0  8  0  4  3 |  g = 7
  2  1  0  0  1  1  0 13  2  0 |  h = 8
  1  0  1  0  1  1  2  2 12  0 |  i = 9
  1  0  2  1  0  1  1  0  2 12 |  j = 10

