=== Run information ===

Scheme:       weka.classifiers.bayes.NaiveBayes 
Relation:     train_clean-weka.filters.supervised.attribute.AttributeSelection-Eweka.attributeSelection.PrincipalComponents -R 0.95 -A 5-Sweka.attributeSelection.Ranker -T -1.7976931348623157E308 -N -1
Instances:    200
Attributes:   33
              0.047pixel_576+0.047pixel_516+0.047pixel_786+0.047pixel_544+0.046pixel_548...
              -0.05pixel_48-0.05pixel_16-0.05pixel_17-0.05pixel_18-0.05pixel_49...
              -0.09pixel_525-0.089pixel_526-0.088pixel_523-0.087pixel_524-0.086pixel_522...
              -0.083pixel_323-0.08pixel_291-0.077pixel_388-0.074pixel_259-0.074pixel_355...
              -0.114pixel_834-0.112pixel_802-0.108pixel_866+0.105pixel_230-0.105pixel_770...
              -0.105pixel_99-0.092pixel_935-0.09pixel_67-0.086pixel_131-0.086pixel_98...
              -0.142pixel_260-0.139pixel_228-0.137pixel_772-0.135pixel_292-0.13pixel_804...
              0.122pixel_1023+0.111pixel_1022+0.109pixel_1020+0.108pixel_996+0.101pixel_1021...
              -0.131pixel_809-0.123pixel_840-0.119pixel_776-0.111pixel_777-0.11pixel_841...
              0.106pixel_263+0.086pixel_411-0.085pixel_646+0.081pixel_443+0.08 pixel_314...
              -0.121pixel_231+0.11 pixel_808+0.105pixel_433-0.105pixel_806-0.101pixel_199...
              0.147pixel_401+0.115pixel_433+0.109pixel_498+0.102pixel_497+0.096pixel_530...
              -0.128pixel_166-0.121pixel_134-0.121pixel_71-0.113pixel_102-0.106pixel_198...
              -0.094pixel_629-0.092pixel_502-0.091pixel_604-0.089pixel_636-0.087pixel_791...
              -0.118pixel_520-0.111pixel_519-0.106pixel_552-0.104pixel_551+0.103pixel_1024...
              0.121pixel_538+0.101pixel_872+0.101pixel_474+0.098pixel_506+0.097pixel_570...
              -0.124pixel_638-0.123pixel_670-0.103pixel_606-0.102pixel_702+0.099pixel_871...
              -0.116pixel_426-0.112pixel_626+0.11 pixel_689-0.106pixel_427-0.104pixel_396...
              -0.128pixel_403-0.119pixel_62-0.114pixel_281-0.11pixel_63-0.11pixel_29...
              0.139pixel_433+0.121pixel_496+0.115pixel_464+0.107pixel_401+0.103pixel_659...
              -0.145pixel_1023-0.125pixel_1024-0.117pixel_990+0.114pixel_872-0.113pixel_992...
              -0.162pixel_295-0.13pixel_743-0.104pixel_297-0.103pixel_627-0.103pixel_872...
              0.144pixel_403+0.126pixel_625+0.113pixel_690+0.105pixel_371-0.101pixel_337...
              0.142pixel_409-0.126pixel_665-0.124pixel_697+0.119pixel_872-0.111pixel_464...
              -0.175pixel_337+0.114pixel_627-0.106pixel_338-0.104pixel_306+0.096pixel_563...
              -0.12pixel_434+0.11 pixel_777-0.101pixel_338-0.1pixel_358-0.097pixel_729...
              -0.136pixel_807-0.13pixel_1024-0.112pixel_457-0.102pixel_312+0.102pixel_391...
              -0.139pixel_560-0.128pixel_592+0.111pixel_690-0.109pixel_936-0.108pixel_378...
              0.122pixel_402+0.12 pixel_312+0.118pixel_625+0.113pixel_370+0.111pixel_280...
              0.125pixel_401+0.119pixel_345-0.112pixel_625-0.101pixel_593+0.094pixel_594...
              0.124pixel_648+0.123pixel_104+0.109pixel_556+0.101pixel_105+0.1  pixel_662...
              -0.113pixel_625+0.107pixel_839-0.106pixel_166-0.1pixel_72-0.099pixel_690...
              class
Test mode:    5-fold cross-validation

=== Classifier model (full training set) ===

Naive Bayes Classifier

                                                                                      Class
Attribute                                                                                 1       2       3       4       5       6       7       8       9      10
                                                                                      (0.1)   (0.1)   (0.1)   (0.1)   (0.1)   (0.1)   (0.1)   (0.1)   (0.1)   (0.1)
====================================================================================================================================================================
0.047pixel_576+0.047pixel_516+0.047pixel_786+0.047pixel_544+0.046pixel_548...
  mean                                                                               10.1768  9.9409  9.2332  8.6057  7.3271 10.9128    6.86  6.7751  7.7989 11.1629
  std. dev.                                                                           6.1128  5.9538  6.3296   3.938  5.0208  4.8665  4.1667  4.1962  3.2493  5.1659
  weight sum                                                                              20      20      20      20      20      20      20      20      20      20
  precision                                                                           0.0944  0.0944  0.0944  0.0944  0.0944  0.0944  0.0944  0.0944  0.0944  0.0944

-0.05pixel_48-0.05pixel_16-0.05pixel_17-0.05pixel_18-0.05pixel_49...
  mean                                                                               -1.5329  0.1734   -0.47 -0.3581 -0.3972 -1.9525 -0.2014 -0.4867 -0.8448 -3.5582
  std. dev.                                                                           3.8864  4.0827  5.0376  2.7092  3.9154  3.8125  4.5569  3.6966  4.9476  6.5577
  weight sum                                                                              20      20      20      20      20      20      20      20      20      20
  precision                                                                           0.1119  0.1119  0.1119  0.1119  0.1119  0.1119  0.1119  0.1119  0.1119  0.1119

-0.09pixel_525-0.089pixel_526-0.088pixel_523-0.087pixel_524-0.086pixel_522...
  mean                                                                               -0.5856  0.7077 -0.8253 -0.2605  0.5325 -0.2605  0.0392 -0.8668 -1.5423 -0.7354
  std. dev.                                                                           1.9737  1.6787  1.6467   1.452  1.4887  2.3621  1.5201  1.7357  2.1983  2.6218
  weight sum                                                                              20      20      20      20      20      20      20      20      20      20
  precision                                                                           0.0461  0.0461  0.0461  0.0461  0.0461  0.0461  0.0461  0.0461  0.0461  0.0461

-0.083pixel_323-0.08pixel_291-0.077pixel_388-0.074pixel_259-0.074pixel_355...
  mean                                                                                1.7723  3.3498  2.4496  1.0967   2.769  2.4865  1.7881   1.774   2.046  3.4568
  std. dev.                                                                           1.1749  1.5037  1.1883  0.8068  0.8139  1.1895  1.3091  1.2123  1.4729  1.8346
  weight sum                                                                              20      20      20      20      20      20      20      20      20      20
  precision                                                                           0.0351  0.0351  0.0351  0.0351  0.0351  0.0351  0.0351  0.0351  0.0351  0.0351

-0.114pixel_834-0.112pixel_802-0.108pixel_866+0.105pixel_230-0.105pixel_770...
  mean                                                                               -1.6018  0.4467 -1.6401 -1.6217  0.7971 -0.2172 -1.6003 -0.9929 -1.3448 -1.8053
  std. dev.                                                                           0.4641  1.0467  0.6993  0.6089  1.3371  0.9319  0.4404  0.6229  0.6601  0.7603
  weight sum                                                                              20      20      20      20      20      20      20      20      20      20
  precision                                                                           0.0306  0.0306  0.0306  0.0306  0.0306  0.0306  0.0306  0.0306  0.0306  0.0306

-0.105pixel_99-0.092pixel_935-0.09pixel_67-0.086pixel_131-0.086pixel_98...
  mean                                                                                -1.304 -0.5221 -0.4947 -0.9059 -0.8706 -0.1619 -0.8406 -0.0274 -0.8797 -0.4829
  std. dev.                                                                           0.7043  0.8073  1.1472  0.6352  1.0949  0.7941  0.9827  0.8159  1.1747  1.2397
  weight sum                                                                              20      20      20      20      20      20      20      20      20      20
  precision                                                                           0.0261  0.0261  0.0261  0.0261  0.0261  0.0261  0.0261  0.0261  0.0261  0.0261

-0.142pixel_260-0.139pixel_228-0.137pixel_772-0.135pixel_292-0.13pixel_804...
  mean                                                                               -0.4349 -0.9251 -0.3276 -0.9895 -0.2847  0.7693 -0.5354  0.6834  0.4112  0.8992
  std. dev.                                                                           0.3798  0.6671  0.5246  0.9341  0.6832  0.5303  0.7438  0.5585  0.5559  0.7574
  weight sum                                                                              20      20      20      20      20      20      20      20      20      20
  precision                                                                           0.0226  0.0226  0.0226  0.0226  0.0226  0.0226  0.0226  0.0226  0.0226  0.0226

0.122pixel_1023+0.111pixel_1022+0.109pixel_1020+0.108pixel_996+0.101pixel_1021...
  mean                                                                               -0.2319  0.7128 -0.2455  0.4413 -1.0387  0.2353  0.1833  0.2444 -0.3779  0.2512
  std. dev.                                                                           0.8862  0.6242  0.8074  0.4216  0.9094  0.8035  0.7225  0.6753  0.7013  0.9339
  weight sum                                                                              20      20      20      20      20      20      20      20      20      20
  precision                                                                           0.0226  0.0226  0.0226  0.0226  0.0226  0.0226  0.0226  0.0226  0.0226  0.0226

-0.131pixel_809-0.123pixel_840-0.119pixel_776-0.111pixel_777-0.11pixel_841...
  mean                                                                                 0.031  0.2136 -0.4557  0.9301  0.9115    0.57  0.8432  0.8072  1.9335  0.3651
  std. dev.                                                                           0.5039   0.398  0.5728  0.4081  0.6214   0.511  0.7056  0.3698  0.9526   0.516
  weight sum                                                                              20      20      20      20      20      20      20      20      20      20
  precision                                                                           0.0248  0.0248  0.0248  0.0248  0.0248  0.0248  0.0248  0.0248  0.0248  0.0248

0.106pixel_263+0.086pixel_411-0.085pixel_646+0.081pixel_443+0.08 pixel_314...
  mean                                                                                0.2495 -0.6064  0.0745 -0.2311  0.5803 -1.1247 -0.2959 -0.2427 -0.5667 -0.1731
  std. dev.                                                                           0.4617  1.1132  0.6557  0.5955  0.6877  0.7798  0.5184  0.7272   0.569  0.5906
  weight sum                                                                              20      20      20      20      20      20      20      20      20      20
  precision                                                                           0.0193  0.0193  0.0193  0.0193  0.0193  0.0193  0.0193  0.0193  0.0193  0.0193

-0.121pixel_231+0.11 pixel_808+0.105pixel_433-0.105pixel_806-0.101pixel_199...
  mean                                                                               -0.9428  0.0286  0.0523  0.3373  0.7249 -0.8383 -0.0858  0.1943 -0.0335  0.4694
  std. dev.                                                                           0.4775  0.3699  0.5933  0.2727  0.6771   0.629  0.2595  0.4352  0.4157  0.5072
  weight sum                                                                              20      20      20      20      20      20      20      20      20      20
  precision                                                                           0.0197  0.0197  0.0197  0.0197  0.0197  0.0197  0.0197  0.0197  0.0197  0.0197

0.147pixel_401+0.115pixel_433+0.109pixel_498+0.102pixel_497+0.096pixel_530...
  mean                                                                                1.0773  1.1096  1.0128  0.2137  0.4011  0.4021  0.3739   1.037  1.6296  0.4515
  std. dev.                                                                           0.6207  0.4128    0.59  0.2094  0.4951  0.3453  0.2247  0.3445  0.7924  0.7961
  weight sum                                                                              20      20      20      20      20      20      20      20      20      20
  precision                                                                           0.0202  0.0202  0.0202  0.0202  0.0202  0.0202  0.0202  0.0202  0.0202  0.0202

-0.128pixel_166-0.121pixel_134-0.121pixel_71-0.113pixel_102-0.106pixel_198...
  mean                                                                               -0.7664  0.0621  0.1274 -0.1253 -0.5979 -0.5716 -0.3674  0.1316 -0.3021 -0.1379
  std. dev.                                                                            0.426  0.4439  0.3755  0.2607  1.2779  0.3233    0.36  0.3325  0.3228  0.4074
  weight sum                                                                              20      20      20      20      20      20      20      20      20      20
  precision                                                                           0.0211  0.0211  0.0211  0.0211  0.0211  0.0211  0.0211  0.0211  0.0211  0.0211

-0.094pixel_629-0.092pixel_502-0.091pixel_604-0.089pixel_636-0.087pixel_791...
  mean                                                                               -0.3953 -0.2236  0.1778 -0.6006 -0.4106 -0.6748 -0.8801 -0.4045  0.2906  -0.566
  std. dev.                                                                           0.3608  1.0179  0.4729  0.3877  0.3216  0.3643  0.3849  0.4163  0.6368  0.4893
  weight sum                                                                              20      20      20      20      20      20      20      20      20      20
  precision                                                                           0.0203  0.0203  0.0203  0.0203  0.0203  0.0203  0.0203  0.0203  0.0203  0.0203

-0.118pixel_520-0.111pixel_519-0.106pixel_552-0.104pixel_551+0.103pixel_1024...
  mean                                                                                0.1793 -0.2139   0.506  0.1187   0.282  0.5363  0.1979  0.0034  0.2231  0.1532
  std. dev.                                                                           0.3373   0.662  0.3013  0.3307   0.662  0.9155  0.4764  0.5631  0.7075  0.3704
  weight sum                                                                              20      20      20      20      20      20      20      20      20      20
  precision                                                                           0.0168  0.0168  0.0168  0.0168  0.0168  0.0168  0.0168  0.0168  0.0168  0.0168

0.121pixel_538+0.101pixel_872+0.101pixel_474+0.098pixel_506+0.097pixel_570...
  mean                                                                                -0.442  -0.372 -0.2724 -0.3333 -0.2485 -0.3169 -0.2749 -0.4057  -0.186 -0.4872
  std. dev.                                                                           0.4286  0.4313   0.608  0.6602  0.3694  0.3854  0.6031  0.2925  0.7654  0.8715
  weight sum                                                                              20      20      20      20      20      20      20      20      20      20
  precision                                                                           0.0165  0.0165  0.0165  0.0165  0.0165  0.0165  0.0165  0.0165  0.0165  0.0165

-0.124pixel_638-0.123pixel_670-0.103pixel_606-0.102pixel_702+0.099pixel_871...
  mean                                                                                     0  0.1908  0.0494  0.2547 -0.2428 -0.0179 -0.0341  0.6875 -0.1781 -0.2224
  std. dev.                                                                            0.396  0.3544   0.227  0.7618  0.4466  0.1827  0.7281   0.465  0.3587  0.3954
  weight sum                                                                              20      20      20      20      20      20      20      20      20      20
  precision                                                                            0.017   0.017   0.017   0.017   0.017   0.017   0.017   0.017   0.017   0.017

-0.116pixel_426-0.112pixel_626+0.11 pixel_689-0.106pixel_427-0.104pixel_396...
  mean                                                                                0.1748  0.4965 -0.3035  0.0589   0.145 -0.0393 -0.1517 -0.1693  0.3319  0.1917
  std. dev.                                                                           0.4698  0.6851  0.3913  0.3051  0.6955  0.4405  0.3068   0.342  0.2206  0.5465
  weight sum                                                                              20      20      20      20      20      20      20      20      20      20
  precision                                                                           0.0135  0.0135  0.0135  0.0135  0.0135  0.0135  0.0135  0.0135  0.0135  0.0135

-0.128pixel_403-0.119pixel_62-0.114pixel_281-0.11pixel_63-0.11pixel_29...
  mean                                                                               -0.1642 -0.1163  0.2648  0.2983  0.2319  0.2018       0  0.0068  -0.013 -0.3174
  std. dev.                                                                           0.2389  0.3864  0.7976  0.2005  0.5121  0.5167  0.3577  0.3833  0.3498  0.4914
  weight sum                                                                              20      20      20      20      20      20      20      20      20      20
  precision                                                                           0.0137  0.0137  0.0137  0.0137  0.0137  0.0137  0.0137  0.0137  0.0137  0.0137

0.139pixel_433+0.121pixel_496+0.115pixel_464+0.107pixel_401+0.103pixel_659...
  mean                                                                                0.3326  0.2066  0.3983  0.2823  0.4337  0.4138  0.5888  0.4511  0.3357  0.2854
  std. dev.                                                                           0.2743  0.3907  0.4943  0.3568  0.4902  0.3738  0.3835  0.4826  0.7914  0.3497
  weight sum                                                                              20      20      20      20      20      20      20      20      20      20
  precision                                                                           0.0124  0.0124  0.0124  0.0124  0.0124  0.0124  0.0124  0.0124  0.0124  0.0124

-0.145pixel_1023-0.125pixel_1024-0.117pixel_990+0.114pixel_872-0.113pixel_992...
  mean                                                                                 0.173 -0.1451   0.159  0.0184  0.1939  0.0678 -0.4486  0.2667 -0.1502 -0.2547
  std. dev.                                                                           0.2683  0.1829   0.515  0.4398  0.5334  0.4028  0.4087   0.384   0.399  0.2991
  weight sum                                                                              20      20      20      20      20      20      20      20      20      20
  precision                                                                           0.0127  0.0127  0.0127  0.0127  0.0127  0.0127  0.0127  0.0127  0.0127  0.0127

-0.162pixel_295-0.13pixel_743-0.104pixel_297-0.103pixel_627-0.103pixel_872...
  mean                                                                                0.2278  0.1844  0.3229  0.2565  0.1621  0.3982  0.2699 -0.0791  0.3497  0.3739
  std. dev.                                                                           0.3569  0.2579  0.3994  0.2699  0.3801  0.4272  0.4247  0.5973  0.3199   0.555
  weight sum                                                                              20      20      20      20      20      20      20      20      20      20
  precision                                                                           0.0128  0.0128  0.0128  0.0128  0.0128  0.0128  0.0128  0.0128  0.0128  0.0128

0.144pixel_403+0.126pixel_625+0.113pixel_690+0.105pixel_371-0.101pixel_337...
  mean                                                                               -0.0874 -0.0194 -0.0006 -0.1386  0.0233  0.0408 -0.0039  0.2467 -0.0052 -0.0369
  std. dev.                                                                           0.2007  0.4014  0.4493  0.3469  0.3274  0.4376  0.3661  0.7322  0.3675   0.495
  weight sum                                                                              20      20      20      20      20      20      20      20      20      20
  precision                                                                           0.0129  0.0129  0.0129  0.0129  0.0129  0.0129  0.0129  0.0129  0.0129  0.0129

0.142pixel_409-0.126pixel_665-0.124pixel_697+0.119pixel_872-0.111pixel_464...
  mean                                                                                0.1728  0.1132  0.1367  0.0864  0.2232  0.2286  0.0695  0.0377  0.1132  0.2221
  std. dev.                                                                           0.3344  0.3403  0.6176  0.2965  0.1977  0.5107  0.3929  0.3624  0.4175  0.4499
  weight sum                                                                              20      20      20      20      20      20      20      20      20      20
  precision                                                                           0.0109  0.0109  0.0109  0.0109  0.0109  0.0109  0.0109  0.0109  0.0109  0.0109

-0.175pixel_337+0.114pixel_627-0.106pixel_338-0.104pixel_306+0.096pixel_563...
  mean                                                                               -0.4015 -0.3747 -0.4043 -0.3781 -0.4384 -0.3887 -0.3334 -0.3412 -0.2066 -0.3139
  std. dev.                                                                           0.3438  0.3865  0.4417  0.1963  0.3196    0.37   0.504  0.4007  0.4782  0.5284
  weight sum                                                                              20      20      20      20      20      20      20      20      20      20
  precision                                                                           0.0112  0.0112  0.0112  0.0112  0.0112  0.0112  0.0112  0.0112  0.0112  0.0112

-0.12pixel_434+0.11 pixel_777-0.101pixel_338-0.1pixel_358-0.097pixel_729...
  mean                                                                               -0.0178 -0.2507 -0.3318 -0.1537 -0.0785 -0.1794  -0.124 -0.3259 -0.0468 -0.1385
  std. dev.                                                                           0.3645  0.3543  0.6166  0.1734  0.3471  0.2554   0.295  0.3619  0.5499  0.3741
  weight sum                                                                              20      20      20      20      20      20      20      20      20      20
  precision                                                                           0.0132  0.0132  0.0132  0.0132  0.0132  0.0132  0.0132  0.0132  0.0132  0.0132

-0.136pixel_807-0.13pixel_1024-0.112pixel_457-0.102pixel_312+0.102pixel_391...
  mean                                                                                0.1665  0.2557  0.4862  0.5493  0.2552  0.4505  0.3019  0.0373  0.6632  0.2804
  std. dev.                                                                           0.4964  0.3989  0.2264  0.4803  0.3517  0.2798  0.2218  0.2279  0.3851    0.28
  weight sum                                                                              20      20      20      20      20      20      20      20      20      20
  precision                                                                           0.0105  0.0105  0.0105  0.0105  0.0105  0.0105  0.0105  0.0105  0.0105  0.0105

-0.139pixel_560-0.128pixel_592+0.111pixel_690-0.109pixel_936-0.108pixel_378...
  mean                                                                               -0.0839 -0.0358 -0.2043  0.0728 -0.0296 -0.0302 -0.0488  0.1117  0.0457  0.1432
  std. dev.                                                                           0.2949  0.2871  0.3287  0.2228  0.2379  0.4061  0.2129  0.4659  0.6479  0.3225
  weight sum                                                                              20      20      20      20      20      20      20      20      20      20
  precision                                                                           0.0123  0.0123  0.0123  0.0123  0.0123  0.0123  0.0123  0.0123  0.0123  0.0123

0.122pixel_402+0.12 pixel_312+0.118pixel_625+0.113pixel_370+0.111pixel_280...
  mean                                                                                0.2016   0.167  0.1582 -0.0297  0.2071  0.0357  0.4467  0.2906  0.1917   0.083
  std. dev.                                                                           0.4221  0.3271   0.345  0.1792  0.3896   0.243  0.2441  0.5468   0.204  0.4252
  weight sum                                                                              20      20      20      20      20      20      20      20      20      20
  precision                                                                            0.011   0.011   0.011   0.011   0.011   0.011   0.011   0.011   0.011   0.011

0.125pixel_401+0.119pixel_345-0.112pixel_625-0.101pixel_593+0.094pixel_594...
  mean                                                                                0.1448   0.043 -0.1928  0.0095 -0.0089  0.0297 -0.1037  0.1789 -0.0177  0.0089
  std. dev.                                                                           0.4727  0.4042  0.3677  0.1671  0.2683  0.3976  0.1359   0.534   0.186  0.2325
  weight sum                                                                              20      20      20      20      20      20      20      20      20      20
  precision                                                                           0.0126  0.0126  0.0126  0.0126  0.0126  0.0126  0.0126  0.0126  0.0126  0.0126

0.124pixel_648+0.123pixel_104+0.109pixel_556+0.101pixel_105+0.1  pixel_662...
  mean                                                                                0.0677  0.2298  0.1626  0.2848  0.2419   0.096  0.1939  0.1944  0.2065  0.2267
  std. dev.                                                                           0.2416  0.3579  0.3242  0.2335  0.4963  0.3326  0.3896  0.3779  0.2338  0.3461
  weight sum                                                                              20      20      20      20      20      20      20      20      20      20
  precision                                                                           0.0101  0.0101  0.0101  0.0101  0.0101  0.0101  0.0101  0.0101  0.0101  0.0101

-0.113pixel_625+0.107pixel_839-0.106pixel_166-0.1pixel_72-0.099pixel_690...
  mean                                                                               -0.1645 -0.0846 -0.0944 -0.2155 -0.1292 -0.1598 -0.0217 -0.3218 -0.0404  -0.088
  std. dev.                                                                           0.4043  0.3756  0.3313  0.1794  0.3083  0.3874  0.3386  0.2094  0.3735  0.2964
  weight sum                                                                              20      20      20      20      20      20      20      20      20      20
  precision                                                                           0.0085  0.0085  0.0085  0.0085  0.0085  0.0085  0.0085  0.0085  0.0085  0.0085



Time taken to build model: 0.03 seconds

=== Stratified cross-validation ===
=== Summary ===

Correctly Classified Instances         163               81.5    %
Incorrectly Classified Instances        37               18.5    %
Kappa statistic                          0.7944
Mean absolute error                      0.0402
Root mean squared error                  0.1765
Relative absolute error                 22.3224 %
Root relative squared error             58.8358 %
Total Number of Instances              200     

=== Detailed Accuracy By Class ===

               TP Rate   FP Rate   Precision   Recall  F-Measure   ROC Area  Class
                 0.75      0.011      0.882     0.75      0.811      0.983    1
                 0.9       0.006      0.947     0.9       0.923      0.988    2
                 0.9       0.039      0.72      0.9       0.8        0.981    3
                 0.7       0.028      0.737     0.7       0.718      0.969    4
                 0.9       0.006      0.947     0.9       0.923      0.993    5
                 0.7       0.017      0.824     0.7       0.757      0.864    6
                 0.8       0.044      0.667     0.8       0.727      0.961    7
                 0.8       0.006      0.941     0.8       0.865      0.985    8
                 0.95      0.006      0.95      0.95      0.95       0.998    9
                 0.75      0.044      0.652     0.75      0.698      0.959    10
Weighted Avg.    0.815     0.021      0.827     0.815     0.817      0.968

=== Confusion Matrix ===

  a  b  c  d  e  f  g  h  i  j   <-- classified as
 15  1  3  0  0  0  1  0  0  0 |  a = 1
  0 18  0  1  0  0  0  0  0  1 |  b = 2
  1  0 18  0  0  0  1  0  0  0 |  c = 3
  0  0  0 14  0  1  4  0  0  1 |  d = 4
  0  0  0  2 18  0  0  0  0  0 |  e = 5
  0  0  1  0  0 14  1  1  0  3 |  f = 6
  1  0  0  0  0  0 16  0  0  3 |  g = 7
  0  0  1  2  1  0  0 16  0  0 |  h = 8
  0  0  1  0  0  0  0  0 19  0 |  i = 9
  0  0  1  0  0  2  1  0  1 15 |  j = 10

