=== Run information ===

Scheme:       weka.classifiers.trees.J48 -C 0.25 -M 2
Relation:     train_best-weka.filters.supervised.attribute.AttributeSelection-Eweka.attributeSelection.PrincipalComponents -R 0.95 -A 5-Sweka.attributeSelection.Ranker -T -1.7976931348623157E308 -N -1
Instances:    200
Attributes:   28
              0.08 pixel_778+0.08 pixel_576+0.079pixel_746+0.079pixel_517+0.078pixel_747...
              -0.092pixel_15-0.087pixel_22-0.086pixel_11-0.085pixel_65-0.085pixel_184...
              -0.137pixel_802-0.136pixel_834-0.134pixel_770-0.133pixel_866-0.126pixel_898...
              0.139pixel_63+0.139pixel_31+0.138pixel_30+0.136pixel_29+0.135pixel_32...
              -0.17pixel_740-0.166pixel_324-0.164pixel_708-0.162pixel_292-0.16pixel_227...
              -0.191pixel_402-0.188pixel_626-0.18pixel_594+0.166pixel_932+0.16 pixel_997...
              -0.163pixel_776-0.16pixel_808-0.149pixel_69-0.147pixel_840-0.142pixel_809...
              -0.152pixel_263+0.137pixel_1023+0.128pixel_990+0.127pixel_1022-0.116pixel_66...
              -0.138pixel_314-0.132pixel_200+0.132pixel_678+0.122pixel_773+0.122pixel_805...
              -0.176pixel_166-0.173pixel_198-0.156pixel_230-0.148pixel_995-0.145pixel_134...
              -0.145pixel_434+0.143pixel_730-0.135pixel_998-0.124pixel_323-0.123pixel_290...
              -0.142pixel_132-0.135pixel_100+0.134pixel_998+0.133pixel_965+0.129pixel_997...
              -0.144pixel_593-0.142pixel_233-0.142pixel_809-0.138pixel_433+0.135pixel_996...
              0.166pixel_69-0.164pixel_625+0.142pixel_5-0.138pixel_658-0.135pixel_904...
              0.23 pixel_807+0.183pixel_744-0.183pixel_574-0.176pixel_510-0.173pixel_606...
              -0.234pixel_625+0.218pixel_232+0.187pixel_264+0.186pixel_200-0.185pixel_937...
              -0.195pixel_391-0.168pixel_105+0.161pixel_76+0.16 pixel_43+0.154pixel_793...
              0.164pixel_233-0.159pixel_968+0.156pixel_825-0.142pixel_370+0.138pixel_791...
              -0.19pixel_594+0.18 pixel_199-0.17pixel_408+0.167pixel_103+0.159pixel_538...
              0.194pixel_296+0.189pixel_434+0.163pixel_744+0.148pixel_168+0.147pixel_595...
              -0.249pixel_433-0.157pixel_277+0.152pixel_199+0.149pixel_171-0.148pixel_1024...
              0.298pixel_807+0.203pixel_433+0.171pixel_264+0.159pixel_329+0.156pixel_265...
              0.195pixel_625-0.191pixel_433+0.166pixel_402-0.165pixel_807+0.148pixel_403...
              -0.237pixel_1024+0.202pixel_625-0.196pixel_434+0.181pixel_403+0.163pixel_264...
              0.212pixel_433-0.17pixel_905-0.165pixel_676+0.141pixel_99-0.137pixel_3...
              0.209pixel_403+0.208pixel_105+0.182pixel_314+0.181pixel_6-0.168pixel_807...
              0.262pixel_403+0.201pixel_744+0.172pixel_296-0.166pixel_402+0.158pixel_681...
              class
Test mode:    5-fold cross-validation

=== Classifier model (full training set) ===

J48 pruned tree
------------------

-0.191pixel_402-0.188pixel_626-0.18pixel_594+0.166pixel_932+0.16 pixel_997... <= 0.79858
|   -0.137pixel_802-0.136pixel_834-0.134pixel_770-0.133pixel_866-0.126pixel_898... <= 0.297718
|   |   -0.17pixel_740-0.166pixel_324-0.164pixel_708-0.162pixel_292-0.16pixel_227... <= -0.283196
|   |   |   -0.152pixel_263+0.137pixel_1023+0.128pixel_990+0.127pixel_1022-0.116pixel_66... <= 0.157001
|   |   |   |   -0.191pixel_402-0.188pixel_626-0.18pixel_594+0.166pixel_932+0.16 pixel_997... <= -0.244462
|   |   |   |   |   -0.142pixel_132-0.135pixel_100+0.134pixel_998+0.133pixel_965+0.129pixel_997... <= -0.105841: 7 (3.0)
|   |   |   |   |   -0.142pixel_132-0.135pixel_100+0.134pixel_998+0.133pixel_965+0.129pixel_997... > -0.105841: 9 (12.0/1.0)
|   |   |   |   -0.191pixel_402-0.188pixel_626-0.18pixel_594+0.166pixel_932+0.16 pixel_997... > -0.244462
|   |   |   |   |   -0.176pixel_166-0.173pixel_198-0.156pixel_230-0.148pixel_995-0.145pixel_134... <= -0.05415
|   |   |   |   |   |   0.166pixel_69-0.164pixel_625+0.142pixel_5-0.138pixel_658-0.135pixel_904... <= -0.071359: 3 (2.0/1.0)
|   |   |   |   |   |   0.166pixel_69-0.164pixel_625+0.142pixel_5-0.138pixel_658-0.135pixel_904... > -0.071359: 1 (16.0)
|   |   |   |   |   -0.176pixel_166-0.173pixel_198-0.156pixel_230-0.148pixel_995-0.145pixel_134... > -0.05415
|   |   |   |   |   |   -0.249pixel_433-0.157pixel_277+0.152pixel_199+0.149pixel_171-0.148pixel_1024... <= -0.203527: 9 (4.0/1.0)
|   |   |   |   |   |   -0.249pixel_433-0.157pixel_277+0.152pixel_199+0.149pixel_171-0.148pixel_1024... > -0.203527
|   |   |   |   |   |   |   -0.144pixel_593-0.142pixel_233-0.142pixel_809-0.138pixel_433+0.135pixel_996... <= -0.161446: 3 (8.0)
|   |   |   |   |   |   |   -0.144pixel_593-0.142pixel_233-0.142pixel_809-0.138pixel_433+0.135pixel_996... > -0.161446: 7 (4.0/1.0)
|   |   |   -0.152pixel_263+0.137pixel_1023+0.128pixel_990+0.127pixel_1022-0.116pixel_66... > 0.157001
|   |   |   |   -0.137pixel_802-0.136pixel_834-0.134pixel_770-0.133pixel_866-0.126pixel_898... <= -2.244722: 9 (2.0)
|   |   |   |   -0.137pixel_802-0.136pixel_834-0.134pixel_770-0.133pixel_866-0.126pixel_898... > -2.244722
|   |   |   |   |   -0.138pixel_314-0.132pixel_200+0.132pixel_678+0.122pixel_773+0.122pixel_805... <= 0.071949: 4 (13.0)
|   |   |   |   |   -0.138pixel_314-0.132pixel_200+0.132pixel_678+0.122pixel_773+0.122pixel_805... > 0.071949
|   |   |   |   |   |   -0.176pixel_166-0.173pixel_198-0.156pixel_230-0.148pixel_995-0.145pixel_134... <= -0.299338: 7 (9.0)
|   |   |   |   |   |   -0.176pixel_166-0.173pixel_198-0.156pixel_230-0.148pixel_995-0.145pixel_134... > -0.299338
|   |   |   |   |   |   |   -0.092pixel_15-0.087pixel_22-0.086pixel_11-0.085pixel_65-0.085pixel_184... <= -1.058396: 7 (2.0)
|   |   |   |   |   |   |   -0.092pixel_15-0.087pixel_22-0.086pixel_11-0.085pixel_65-0.085pixel_184... > -1.058396: 4 (4.0)
|   |   -0.17pixel_740-0.166pixel_324-0.164pixel_708-0.162pixel_292-0.16pixel_227... > -0.283196
|   |   |   -0.138pixel_314-0.132pixel_200+0.132pixel_678+0.122pixel_773+0.122pixel_805... <= 0.65665
|   |   |   |   -0.163pixel_776-0.16pixel_808-0.149pixel_69-0.147pixel_840-0.142pixel_809... <= -0.148012
|   |   |   |   |   -0.195pixel_391-0.168pixel_105+0.161pixel_76+0.16 pixel_43+0.154pixel_793... <= 0.095922: 3 (7.0)
|   |   |   |   |   -0.195pixel_391-0.168pixel_105+0.161pixel_76+0.16 pixel_43+0.154pixel_793... > 0.095922: 1 (2.0/1.0)
|   |   |   |   -0.163pixel_776-0.16pixel_808-0.149pixel_69-0.147pixel_840-0.142pixel_809... > -0.148012
|   |   |   |   |   0.195pixel_625-0.191pixel_433+0.166pixel_402-0.165pixel_807+0.148pixel_403... <= -0.321518
|   |   |   |   |   |   -0.191pixel_402-0.188pixel_626-0.18pixel_594+0.166pixel_932+0.16 pixel_997... <= 0.389034: 9 (3.0)
|   |   |   |   |   |   -0.191pixel_402-0.188pixel_626-0.18pixel_594+0.166pixel_932+0.16 pixel_997... > 0.389034: 1 (2.0/1.0)
|   |   |   |   |   0.195pixel_625-0.191pixel_433+0.166pixel_402-0.165pixel_807+0.148pixel_403... > -0.321518
|   |   |   |   |   |   0.298pixel_807+0.203pixel_433+0.171pixel_264+0.159pixel_329+0.156pixel_265... <= -0.061256: 2 (3.0/2.0)
|   |   |   |   |   |   0.298pixel_807+0.203pixel_433+0.171pixel_264+0.159pixel_329+0.156pixel_265... > -0.061256
|   |   |   |   |   |   |   -0.234pixel_625+0.218pixel_232+0.187pixel_264+0.186pixel_200-0.185pixel_937... <= -0.225283
|   |   |   |   |   |   |   |   0.164pixel_233-0.159pixel_968+0.156pixel_825-0.142pixel_370+0.138pixel_791... <= 0.082216: 8 (16.0)
|   |   |   |   |   |   |   |   0.164pixel_233-0.159pixel_968+0.156pixel_825-0.142pixel_370+0.138pixel_791... > 0.082216: 2 (2.0/1.0)
|   |   |   |   |   |   |   -0.234pixel_625+0.218pixel_232+0.187pixel_264+0.186pixel_200-0.185pixel_937... > -0.225283
|   |   |   |   |   |   |   |   0.08 pixel_778+0.08 pixel_576+0.079pixel_746+0.079pixel_517+0.078pixel_747... <= 0.596249: 8 (3.0/1.0)
|   |   |   |   |   |   |   |   0.08 pixel_778+0.08 pixel_576+0.079pixel_746+0.079pixel_517+0.078pixel_747... > 0.596249
|   |   |   |   |   |   |   |   |   0.08 pixel_778+0.08 pixel_576+0.079pixel_746+0.079pixel_517+0.078pixel_747... <= 2.083233: 4 (3.0/1.0)
|   |   |   |   |   |   |   |   |   0.08 pixel_778+0.08 pixel_576+0.079pixel_746+0.079pixel_517+0.078pixel_747... > 2.083233: 10 (11.0)
|   |   |   -0.138pixel_314-0.132pixel_200+0.132pixel_678+0.122pixel_773+0.122pixel_805... > 0.65665: 6 (9.0/1.0)
|   -0.137pixel_802-0.136pixel_834-0.134pixel_770-0.133pixel_866-0.126pixel_898... > 0.297718
|   |   -0.138pixel_314-0.132pixel_200+0.132pixel_678+0.122pixel_773+0.122pixel_805... <= 0.034287
|   |   |   0.139pixel_63+0.139pixel_31+0.138pixel_30+0.136pixel_29+0.135pixel_32... <= 1.827595: 5 (20.0)
|   |   |   0.139pixel_63+0.139pixel_31+0.138pixel_30+0.136pixel_29+0.135pixel_32... > 1.827595
|   |   |   |   0.08 pixel_778+0.08 pixel_576+0.079pixel_746+0.079pixel_517+0.078pixel_747... <= 3.216704: 4 (2.0/1.0)
|   |   |   |   0.08 pixel_778+0.08 pixel_576+0.079pixel_746+0.079pixel_517+0.078pixel_747... > 3.216704: 2 (2.0/1.0)
|   |   -0.138pixel_314-0.132pixel_200+0.132pixel_678+0.122pixel_773+0.122pixel_805... > 0.034287
|   |   |   0.164pixel_233-0.159pixel_968+0.156pixel_825-0.142pixel_370+0.138pixel_791... <= -0.101749
|   |   |   |   -0.17pixel_740-0.166pixel_324-0.164pixel_708-0.162pixel_292-0.16pixel_227... <= -0.50206
|   |   |   |   |   -0.092pixel_15-0.087pixel_22-0.086pixel_11-0.085pixel_65-0.085pixel_184... <= -3.427505: 3 (2.0)
|   |   |   |   |   -0.092pixel_15-0.087pixel_22-0.086pixel_11-0.085pixel_65-0.085pixel_184... > -3.427505
|   |   |   |   |   |   -0.17pixel_740-0.166pixel_324-0.164pixel_708-0.162pixel_292-0.16pixel_227... <= -1.01155: 1 (2.0)
|   |   |   |   |   |   -0.17pixel_740-0.166pixel_324-0.164pixel_708-0.162pixel_292-0.16pixel_227... > -1.01155: 7 (2.0)
|   |   |   |   -0.17pixel_740-0.166pixel_324-0.164pixel_708-0.162pixel_292-0.16pixel_227... > -0.50206: 6 (8.0)
|   |   |   0.164pixel_233-0.159pixel_968+0.156pixel_825-0.142pixel_370+0.138pixel_791... > -0.101749
|   |   |   |   -0.191pixel_402-0.188pixel_626-0.18pixel_594+0.166pixel_932+0.16 pixel_997... <= -0.389234: 10 (5.0)
|   |   |   |   -0.191pixel_402-0.188pixel_626-0.18pixel_594+0.166pixel_932+0.16 pixel_997... > -0.389234: 2 (2.0)
-0.191pixel_402-0.188pixel_626-0.18pixel_594+0.166pixel_932+0.16 pixel_997... > 0.79858: 2 (15.0/1.0)

Number of Leaves  : 	33

Size of the tree : 	65


Time taken to build model: 0.12 seconds

=== Stratified cross-validation ===
=== Summary ===

Correctly Classified Instances         117               58.5    %
Incorrectly Classified Instances        83               41.5    %
Kappa statistic                          0.5389
Mean absolute error                      0.0853
Root mean squared error                  0.2702
Relative absolute error                 47.3824 %
Root relative squared error             90.0816 %
Total Number of Instances              200     

=== Detailed Accuracy By Class ===

               TP Rate   FP Rate   Precision   Recall  F-Measure   ROC Area  Class
                 0.65      0.033      0.684     0.65      0.667      0.809    1
                 0.75      0.05       0.625     0.75      0.682      0.878    2
                 0.45      0.05       0.5       0.45      0.474      0.719    3
                 0.65      0.039      0.65      0.65      0.65       0.815    4
                 0.85      0.028      0.773     0.85      0.81       0.935    5
                 0.65      0.022      0.765     0.65      0.703      0.847    6
                 0.5       0.089      0.385     0.5       0.435      0.836    7
                 0.5       0.078      0.417     0.5       0.455      0.745    8
                 0.6       0.039      0.632     0.6       0.615      0.779    9
                 0.25      0.033      0.455     0.25      0.323      0.651    10
Weighted Avg.    0.585     0.046      0.588     0.585     0.581      0.801

=== Confusion Matrix ===

  a  b  c  d  e  f  g  h  i  j   <-- classified as
 13  1  2  0  0  0  4  0  0  0 |  a = 1
  0 15  0  0  2  0  0  2  0  1 |  b = 2
  3  3  9  0  0  1  3  1  0  0 |  c = 3
  0  0  1 13  1  0  3  1  1  0 |  d = 4
  0  0  0  0 17  0  0  2  0  1 |  e = 5
  0  1  1  0  0 13  0  1  1  3 |  f = 6
  1  0  2  5  1  0 10  0  1  0 |  g = 7
  1  3  0  0  0  1  1 10  3  1 |  h = 8
  0  0  2  2  0  0  2  2 12  0 |  i = 9
  1  1  1  0  1  2  3  5  1  5 |  j = 10

