=== Run information ===

Scheme:       weka.classifiers.bayes.NaiveBayes 
Relation:     train_best-weka.filters.supervised.attribute.AttributeSelection-Eweka.attributeSelection.PrincipalComponents -R 0.95 -A 5-Sweka.attributeSelection.Ranker -T -1.7976931348623157E308 -N -1-weka.filters.unsupervised.attribute.Remove-R1-4
Instances:    200
Attributes:   24
              -0.17pixel_740-0.166pixel_324-0.164pixel_708-0.162pixel_292-0.16pixel_227...
              -0.191pixel_402-0.188pixel_626-0.18pixel_594+0.166pixel_932+0.16 pixel_997...
              -0.163pixel_776-0.16pixel_808-0.149pixel_69-0.147pixel_840-0.142pixel_809...
              -0.152pixel_263+0.137pixel_1023+0.128pixel_990+0.127pixel_1022-0.116pixel_66...
              -0.138pixel_314-0.132pixel_200+0.132pixel_678+0.122pixel_773+0.122pixel_805...
              -0.176pixel_166-0.173pixel_198-0.156pixel_230-0.148pixel_995-0.145pixel_134...
              -0.145pixel_434+0.143pixel_730-0.135pixel_998-0.124pixel_323-0.123pixel_290...
              -0.142pixel_132-0.135pixel_100+0.134pixel_998+0.133pixel_965+0.129pixel_997...
              -0.144pixel_593-0.142pixel_233-0.142pixel_809-0.138pixel_433+0.135pixel_996...
              0.166pixel_69-0.164pixel_625+0.142pixel_5-0.138pixel_658-0.135pixel_904...
              0.23 pixel_807+0.183pixel_744-0.183pixel_574-0.176pixel_510-0.173pixel_606...
              -0.234pixel_625+0.218pixel_232+0.187pixel_264+0.186pixel_200-0.185pixel_937...
              -0.195pixel_391-0.168pixel_105+0.161pixel_76+0.16 pixel_43+0.154pixel_793...
              0.164pixel_233-0.159pixel_968+0.156pixel_825-0.142pixel_370+0.138pixel_791...
              -0.19pixel_594+0.18 pixel_199-0.17pixel_408+0.167pixel_103+0.159pixel_538...
              0.194pixel_296+0.189pixel_434+0.163pixel_744+0.148pixel_168+0.147pixel_595...
              -0.249pixel_433-0.157pixel_277+0.152pixel_199+0.149pixel_171-0.148pixel_1024...
              0.298pixel_807+0.203pixel_433+0.171pixel_264+0.159pixel_329+0.156pixel_265...
              0.195pixel_625-0.191pixel_433+0.166pixel_402-0.165pixel_807+0.148pixel_403...
              -0.237pixel_1024+0.202pixel_625-0.196pixel_434+0.181pixel_403+0.163pixel_264...
              0.212pixel_433-0.17pixel_905-0.165pixel_676+0.141pixel_99-0.137pixel_3...
              0.209pixel_403+0.208pixel_105+0.182pixel_314+0.181pixel_6-0.168pixel_807...
              0.262pixel_403+0.201pixel_744+0.172pixel_296-0.166pixel_402+0.158pixel_681...
              class
Test mode:    5-fold cross-validation

=== Classifier model (full training set) ===

Naive Bayes Classifier

                                                                                    Class
Attribute                                                                               1       2       3       4       5       6       7       8       9      10
                                                                                    (0.1)   (0.1)   (0.1)   (0.1)   (0.1)   (0.1)   (0.1)   (0.1)   (0.1)   (0.1)
==================================================================================================================================================================
-0.17pixel_740-0.166pixel_324-0.164pixel_708-0.162pixel_292-0.16pixel_227...
  mean                                                                              -1.056 -0.2698  -0.508 -1.1899 -0.1944  0.8569 -0.8848   0.241 -0.4512   0.241
  std. dev.                                                                         0.4282  0.6674  0.4299  0.4976  0.3644   0.803  0.2935   0.388  0.2805  0.6803
  weight sum                                                                            20      20      20      20      20      20      20      20      20      20
  precision                                                                         0.0186  0.0186  0.0186  0.0186  0.0186  0.0186  0.0186  0.0186  0.0186  0.0186

-0.191pixel_402-0.188pixel_626-0.18pixel_594+0.166pixel_932+0.16 pixel_997...
  mean                                                                              0.1949  0.9603  0.1929 -0.2061 -0.4406 -0.1634  -0.404 -0.3949 -0.6385 -0.5015
  std. dev.                                                                         0.2999  0.6224   0.314  0.3881   0.503  0.5033  0.5403  0.4996  0.6456  0.6666
  weight sum                                                                            20      20      20      20      20      20      20      20      20      20
  precision                                                                         0.0203  0.0203  0.0203  0.0203  0.0203  0.0203  0.0203  0.0203  0.0203  0.0203

-0.163pixel_776-0.16pixel_808-0.149pixel_69-0.147pixel_840-0.142pixel_809...
  mean                                                                              0.6071  0.6477  -0.165  0.5426  0.2602  1.1067  0.6784   0.449  1.0683  0.4543
  std. dev.                                                                         0.5436  0.6176  0.5698  0.2306  0.6884  0.4732  0.4342  0.4133  0.4589  0.6182
  weight sum                                                                            20      20      20      20      20      20      20      20      20      20
  precision                                                                         0.0153  0.0153  0.0153  0.0153  0.0153  0.0153  0.0153  0.0153  0.0153  0.0153

-0.152pixel_263+0.137pixel_1023+0.128pixel_990+0.127pixel_1022-0.116pixel_66...
  mean                                                                             -0.6472  0.1601 -0.5094  0.4628 -0.6855 -0.1009  0.0877  0.1886 -0.0167 -0.1183
  std. dev.                                                                          0.413  0.5382    0.57  0.1823  0.5949  0.4843  0.4494  0.2888  0.3872  0.4029
  weight sum                                                                            20      20      20      20      20      20      20      20      20      20
  precision                                                                         0.0139  0.0139  0.0139  0.0139  0.0139  0.0139  0.0139  0.0139  0.0139  0.0139

-0.138pixel_314-0.132pixel_200+0.132pixel_678+0.122pixel_773+0.122pixel_805...
  mean                                                                              0.5277 -0.0327  0.1628 -0.0104 -0.5128  0.8904    0.44  0.1234  0.0268 -0.1628
  std. dev.                                                                         0.4576  0.2799  0.5451  0.3086  0.3435  0.5157  0.3114  0.3566  0.2939  0.5456
  weight sum                                                                            20      20      20      20      20      20      20      20      20      20
  precision                                                                         0.0149  0.0149  0.0149  0.0149  0.0149  0.0149  0.0149  0.0149  0.0149  0.0149

-0.176pixel_166-0.173pixel_198-0.156pixel_230-0.148pixel_995-0.145pixel_134...
  mean                                                                             -0.7982 -0.0765 -0.0813  -0.127 -0.6377  -0.338  -0.439 -0.1359 -0.5681 -0.1768
  std. dev.                                                                         0.3772   0.275  0.5244  0.3195  0.5148  0.4463  0.4658  0.3858   0.449  0.6259
  weight sum                                                                            20      20      20      20      20      20      20      20      20      20
  precision                                                                         0.0137  0.0137  0.0137  0.0137  0.0137  0.0137  0.0137  0.0137  0.0137  0.0137

-0.145pixel_434+0.143pixel_730-0.135pixel_998-0.124pixel_323-0.123pixel_290...
  mean                                                                             -0.3489  0.1558 -0.1978  0.1822  0.4566 -0.0203  0.1348 -0.1694   0.189  0.2859
  std. dev.                                                                          0.358  0.6142  0.6096  0.3344  0.3412  0.3241  0.3474   0.299  0.3661  0.4895
  weight sum                                                                            20      20      20      20      20      20      20      20      20      20
  precision                                                                         0.0135  0.0135  0.0135  0.0135  0.0135  0.0135  0.0135  0.0135  0.0135  0.0135

-0.142pixel_132-0.135pixel_100+0.134pixel_998+0.133pixel_965+0.129pixel_997...
  mean                                                                              0.1239  0.3593 -0.1549 -0.1978  0.0316 -0.1116 -0.0382  0.1738  0.4557  0.1656
  std. dev.                                                                         0.4838  0.2113    0.38  0.3564  0.2647  0.2743  0.3229  0.3891  0.3967  0.3723
  weight sum                                                                            20      20      20      20      20      20      20      20      20      20
  precision                                                                         0.0102  0.0102  0.0102  0.0102  0.0102  0.0102  0.0102  0.0102  0.0102  0.0102

-0.144pixel_593-0.142pixel_233-0.142pixel_809-0.138pixel_433+0.135pixel_996...
  mean                                                                              0.0096 -0.0817 -0.1211  0.2796  0.1211  0.1923  0.3073 -0.2104 -0.3457  0.1584
  std. dev.                                                                         0.2645  0.4594  0.2507   0.307  0.4767  0.2736  0.3935  0.2731  0.1755  0.2571
  weight sum                                                                            20      20      20      20      20      20      20      20      20      20
  precision                                                                         0.0101  0.0101  0.0101  0.0101  0.0101  0.0101  0.0101  0.0101  0.0101  0.0101

0.166pixel_69-0.164pixel_625+0.142pixel_5-0.138pixel_658-0.135pixel_904...
  mean                                                                              0.2433  0.1708  0.0597  0.2757  0.3728  0.2908  0.1708  0.1088 -0.1591   0.202
  std. dev.                                                                         0.2285  0.3866  0.3386  0.2591  0.4111  0.3332  0.2688   0.278  0.4035  0.3279
  weight sum                                                                            20      20      20      20      20      20      20      20      20      20
  precision                                                                         0.0112  0.0112  0.0112  0.0112  0.0112  0.0112  0.0112  0.0112  0.0112  0.0112

0.23 pixel_807+0.183pixel_744-0.183pixel_574-0.176pixel_510-0.173pixel_606...
  mean                                                                             -0.4111 -0.3896 -0.5942  -0.268 -0.5751 -0.5188 -0.3882 -0.2589 -0.8164 -0.5141
  std. dev.                                                                         0.2322  0.2259    0.28  0.4797  0.3888  0.2801  0.4018  0.1633  0.4119  0.3327
  weight sum                                                                            20      20      20      20      20      20      20      20      20      20
  precision                                                                         0.0095  0.0095  0.0095  0.0095  0.0095  0.0095  0.0095  0.0095  0.0095  0.0095

-0.234pixel_625+0.218pixel_232+0.187pixel_264+0.186pixel_200-0.185pixel_937...
  mean                                                                             -0.1819 -0.3658 -0.3454 -0.2879 -0.2761 -0.1974 -0.0987 -0.6732 -0.2153 -0.1737
  std. dev.                                                                         0.1783  0.2155  0.4473  0.3367  0.3277  0.2155  0.2703  0.3353  0.1525  0.2888
  weight sum                                                                            20      20      20      20      20      20      20      20      20      20
  precision                                                                         0.0082  0.0082  0.0082  0.0082  0.0082  0.0082  0.0082  0.0082  0.0082  0.0082

-0.195pixel_391-0.168pixel_105+0.161pixel_76+0.16 pixel_43+0.154pixel_793...
  mean                                                                              0.2076  0.0492 -0.2647  0.0255  0.0809  0.0045  0.1075  0.0803 -0.1239  0.2387
  std. dev.                                                                         0.1681  0.2085   0.406   0.187  0.5035  0.3244  0.2629  0.2193  0.2886  0.3668
  weight sum                                                                            20      20      20      20      20      20      20      20      20      20
  precision                                                                         0.0113  0.0113  0.0113  0.0113  0.0113  0.0113  0.0113  0.0113  0.0113  0.0113

0.164pixel_233-0.159pixel_968+0.156pixel_825-0.142pixel_370+0.138pixel_791...
  mean                                                                             -0.1042  0.0727 -0.3276 -0.2488 -0.3846 -0.3793 -0.0634 -0.0953 -0.0897  0.0727
  std. dev.                                                                         0.2069  0.2269  0.3604  0.1307  0.4307  0.2018  0.2325  0.1546  0.3286  0.3108
  weight sum                                                                            20      20      20      20      20      20      20      20      20      20
  precision                                                                         0.0081  0.0081  0.0081  0.0081  0.0081  0.0081  0.0081  0.0081  0.0081  0.0081

-0.19pixel_594+0.18 pixel_199-0.17pixel_408+0.167pixel_103+0.159pixel_538...
  mean                                                                              -0.099  0.1041 -0.0352  0.0278  0.0423  0.0998   0.146  -0.184  0.0892 -0.0431
  std. dev.                                                                         0.2016  0.2937  0.2811  0.2487  0.2395  0.3285  0.3466  0.2119  0.2614  0.3941
  weight sum                                                                            20      20      20      20      20      20      20      20      20      20
  precision                                                                         0.0078  0.0078  0.0078  0.0078  0.0078  0.0078  0.0078  0.0078  0.0078  0.0078

0.194pixel_296+0.189pixel_434+0.163pixel_744+0.148pixel_168+0.147pixel_595...
  mean                                                                             -0.0028  0.0825  0.0411  0.1205  0.0373  0.0197 -0.1646  0.0607  0.1363  -0.079
  std. dev.                                                                         0.1964  0.3254  0.2412  0.2814  0.3376  0.2017  0.1716  0.3448  0.2045  0.2957
  weight sum                                                                            20      20      20      20      20      20      20      20      20      20
  precision                                                                         0.0069  0.0069  0.0069  0.0069  0.0069  0.0069  0.0069  0.0069  0.0069  0.0069

-0.249pixel_433-0.157pixel_277+0.152pixel_199+0.149pixel_171-0.148pixel_1024...
  mean                                                                              0.0644  0.0221  -0.021 -0.0972 -0.0469  0.0015 -0.1251  -0.172 -0.0812 -0.0694
  std. dev.                                                                         0.2827   0.217  0.1998  0.1743  0.3395  0.3736  0.2158  0.1459  0.3523  0.2184
  weight sum                                                                            20      20      20      20      20      20      20      20      20      20
  precision                                                                         0.0076  0.0076  0.0076  0.0076  0.0076  0.0076  0.0076  0.0076  0.0076  0.0076

0.298pixel_807+0.203pixel_433+0.171pixel_264+0.159pixel_329+0.156pixel_265...
  mean                                                                               0.192  0.3748  0.3221  0.1715  0.3406  0.2002  0.4104  0.3868  0.1927  0.2567
  std. dev.                                                                         0.1614   0.227  0.1876  0.1252  0.2372  0.2746  0.3384  0.3016  0.2074  0.1836
  weight sum                                                                            20      20      20      20      20      20      20      20      20      20
  precision                                                                         0.0068  0.0068  0.0068  0.0068  0.0068  0.0068  0.0068  0.0068  0.0068  0.0068

0.195pixel_625-0.191pixel_433+0.166pixel_402-0.165pixel_807+0.148pixel_403...
  mean                                                                             -0.0877 -0.0705 -0.0051 -0.0855 -0.0327 -0.1347  0.1153  0.0334 -0.0995 -0.0106
  std. dev.                                                                         0.3142  0.3073  0.2889  0.0858  0.1335   0.355  0.1057  0.1934   0.258  0.2166
  weight sum                                                                            20      20      20      20      20      20      20      20      20      20
  precision                                                                         0.0073  0.0073  0.0073  0.0073  0.0073  0.0073  0.0073  0.0073  0.0073  0.0073

-0.237pixel_1024+0.202pixel_625-0.196pixel_434+0.181pixel_403+0.163pixel_264...
  mean                                                                             -0.0461  0.0239 -0.0659 -0.1666 -0.0738 -0.0618  -0.001 -0.0953  0.0519  -0.056
  std. dev.                                                                          0.246  0.1452  0.2408   0.165  0.2508  0.1549  0.2919  0.2026  0.3209  0.1965
  weight sum                                                                            20      20      20      20      20      20      20      20      20      20
  precision                                                                         0.0068  0.0068  0.0068  0.0068  0.0068  0.0068  0.0068  0.0068  0.0068  0.0068

0.212pixel_433-0.17pixel_905-0.165pixel_676+0.141pixel_99-0.137pixel_3...
  mean                                                                             -0.1617 -0.1729 -0.2596 -0.2989 -0.1172 -0.2865 -0.0593  -0.036 -0.1811 -0.0933
  std. dev.                                                                         0.1585  0.1671  0.2223  0.2357  0.1579  0.2548  0.3231   0.153  0.3377  0.2395
  weight sum                                                                            20      20      20      20      20      20      20      20      20      20
  precision                                                                         0.0065  0.0065  0.0065  0.0065  0.0065  0.0065  0.0065  0.0065  0.0065  0.0065

0.209pixel_403+0.208pixel_105+0.182pixel_314+0.181pixel_6-0.168pixel_807...
  mean                                                                              -0.044 -0.0586 -0.1164 -0.0497 -0.1038  -0.123 -0.2034 -0.0909  -0.163   0.023
  std. dev.                                                                         0.1668  0.2011  0.1729  0.1004  0.1969   0.278  0.1958  0.2636  0.2666  0.1593
  weight sum                                                                            20      20      20      20      20      20      20      20      20      20
  precision                                                                          0.006   0.006   0.006   0.006   0.006   0.006   0.006   0.006   0.006   0.006

0.262pixel_403+0.201pixel_744+0.172pixel_296-0.166pixel_402+0.158pixel_681...
  mean                                                                             -0.0316 -0.0844 -0.1095  0.0202  0.0238  0.0192 -0.1056  0.1189 -0.1033  0.0215
  std. dev.                                                                         0.1897  0.1929   0.216  0.1513  0.2218  0.2257  0.1805  0.3204  0.1248  0.1979
  weight sum                                                                            20      20      20      20      20      20      20      20      20      20
  precision                                                                         0.0065  0.0065  0.0065  0.0065  0.0065  0.0065  0.0065  0.0065  0.0065  0.0065



Time taken to build model: 0.03 seconds

=== Stratified cross-validation ===
=== Summary ===

Correctly Classified Instances         144               72      %
Incorrectly Classified Instances        56               28      %
Kappa statistic                          0.6889
Mean absolute error                      0.0595
Root mean squared error                  0.2083
Relative absolute error                 33.0679 %
Root relative squared error             69.4499 %
Total Number of Instances              200     

=== Detailed Accuracy By Class ===

               TP Rate   FP Rate   Precision   Recall  F-Measure   ROC Area  Class
                 0.7       0.022      0.778     0.7       0.737      0.93     1
                 0.65      0.017      0.813     0.65      0.722      0.979    2
                 0.7       0.072      0.519     0.7       0.596      0.951    3
                 0.7       0.006      0.933     0.7       0.8        0.982    4
                 0.85      0.039      0.708     0.85      0.773      0.985    5
                 0.75      0.011      0.882     0.75      0.811      0.906    6
                 0.65      0.028      0.722     0.65      0.684      0.967    7
                 0.75      0.033      0.714     0.75      0.732      0.961    8
                 0.8       0.006      0.941     0.8       0.865      0.976    9
                 0.65      0.078      0.481     0.65      0.553      0.893    10
Weighted Avg.    0.72      0.031      0.749     0.72      0.727      0.953

=== Confusion Matrix ===

  a  b  c  d  e  f  g  h  i  j   <-- classified as
 14  1  3  0  1  0  0  0  0  1 |  a = 1
  0 13  2  0  0  1  0  1  0  3 |  b = 2
  3  0 14  0  1  0  0  1  0  1 |  c = 3
  0  0  0 14  1  0  3  1  0  1 |  d = 4
  0  0  0  0 17  0  0  1  0  2 |  e = 5
  0  0  2  0  1 15  0  1  0  1 |  f = 6
  1  0  0  1  1  0 13  0  0  4 |  g = 7
  0  1  4  0  0  0  0 15  0  0 |  h = 8
  0  0  1  0  0  0  2  0 16  1 |  i = 9
  0  1  1  0  2  1  0  1  1 13 |  j = 10

